         w __deregister_frame_info
         w __register_frame_info
         w userAppExit
         w userAppInit
00000000 b .LANCHOR0
00000000 a shift
00000000 a shift
00000000 00000004 b stbi__g_failure_reason
00000000 b _TLS_MODULE_BASE_
00000004 00000004 b stbi__vertically_flip_on_load_local
00000008 00000004 b stbi__vertically_flip_on_load_set
0000000c 00000004 b stbi__de_iphone_flag_set
00000010 00000004 b stbi__de_iphone_flag_local
00000014 00000004 b stbi__unpremultiply_on_load_set
00000018 00000004 b stbi__unpremultiply_on_load_local
0000001c 00000802 B __ctru_dev_utf16_buf
00000820 00000401 B __ctru_dev_path_buf
00100000 A __start__
00100000 T _start
00100008 T __service_ptr
0010000c T __apt_appid
00100010 T __heap_size
00100014 T __linear_heap_size
00100018 T __system_arglist
0010001c T __system_runflags
00100020 t startup
00100058 t ClearMem
0010006c t ClrLoop
00100094 T _init
001000ac 0000008c t reduce_rational
00100138 000000d4 t scale_rational
0010020c 00000054 T mad_timer_compare
00100260 00000030 T mad_timer_negate
00100290 0000003c T mad_timer_abs
001002cc 00000214 T mad_timer_set
001004e0 00000070 T mad_timer_add
00100550 00000090 T mad_timer_multiply
001005e0 0000039c T mad_timer_count
0010097c 00000070 T mad_timer_fraction
001009ec 00000708 T mad_timer_string
001010f4 00000058 T mad_stream_init
0010114c 00000024 T mad_stream_finish
00101170 0000002c T mad_stream_buffer
0010119c 00000010 T mad_stream_skip
001011ac 00000084 T mad_stream_sync
00101230 0000029c T mad_stream_errorstr
001014cc 00000274 t decode_header
00101740 00000044 T mad_header_init
00101784 00000024 T mad_frame_finish
001017a8 000004c0 T mad_header_decode
00101c68 000000d4 T mad_frame_decode
00101d3c 00000094 T mad_frame_mute
00101dd0 00000028 T mad_frame_init
00101df8 00000c48 t dct32
00102a40 000004c4 t synth_full
00102f04 000004ec t synth_half
001033f0 00000080 T mad_synth_mute
00103470 00000028 T mad_synth_init
00103498 000000ac T mad_synth_frame
00103544 00000058 t I_sample
0010359c 000000d4 t II_samples
00103670 000003c8 T mad_layer_I
00103a38 00000844 T mad_layer_II
0010427c 00000090 t III_requantize
0010430c 000000a0 t III_aliasreduce
001043ac 000001a4 t III_imdct_s
00104550 0000003c t III_overlap
0010458c 0000008c t III_freqinver
00104618 00001da8 t III_decode
001063c0 00000828 T mad_layer_III
00106be8 T _III_imdct_l
00106be8 T III_imdct_l
00106e1c t loop
00106eb0 t imdct36_long_karray
00107120 t imdct_l_windowing
00107134 t normal_block_x0_to_x17
00107288 t normal_block_x18_to_x35
001073c4 t stop_block_x0_to_x17
00107470 t start_block_x18_to_x35
0010754c 00000018 T mad_bit_init
00107564 00000028 T mad_bit_length
0010758c 00000014 T mad_bit_nextbyte
001075a0 0000004c T mad_bit_skip
001075ec 000000c0 T mad_bit_read
001076ac 0000018c T mad_bit_crc
00107838 T __aeabi_uidiv
00107838 000001ec T __udivsi3
00107838 t .udivsi3_skip_div0_test
00107a24 00000020 T __aeabi_uidivmod
00107a44 T __aeabi_idiv
00107a44 00000220 T __divsi3
00107a4c t .divsi3_skip_div0_test
00107c64 00000020 T __aeabi_idivmod
00107c84 00000004 W __aeabi_idiv0
00107c84 00000004 W __aeabi_ldiv0
00107c88 T __aeabi_drsub
00107c90 000002b0 T __aeabi_dsub
00107c90 000002b0 T __subdf3
00107c94 000002ac T __adddf3
00107c94 000002ac T __aeabi_dadd
00107f40 00000024 T __aeabi_ui2d
00107f40 00000024 T __floatunsidf
00107f64 00000028 T __aeabi_i2d
00107f64 00000028 T __floatsidf
00107f8c 00000048 T __aeabi_f2d
00107f8c 00000048 T __extendsfdf2
00107fd4 00000074 T __aeabi_ul2d
00107fd4 00000074 T __floatundidf
00107fe8 00000060 T __aeabi_l2d
00107fe8 00000060 T __floatdidf
00108048 T __aeabi_ldivmod
0010811c T __aeabi_uldivmod
00108168 00000390 T strcmp
001084f0 t __do_global_dtors_aux
00108530 t frame_dummy
0010855c 00000004 T backend_swap
00108560 00000094 T main
001085f4 00000014 t stbi__stdio_eof
00108608 00000090 t stbi__mad3sizes_valid
00108698 00000058 t stbi__refill_buffer
001086f0 00000444 t stbi__idct_block
00108b34 00000008 t resample_row_1
00108b3c 00000044 t stbi__resample_row_v_2
00108b80 000000a0 t stbi__resample_row_hv_2
00108c20 00000050 t stbi__resample_row_generic
00108c70 000000f4 t stbi__YCbCr_to_RGB_row
00108d64 00000068 t stbi__bitreverse16
00108dcc 0000005c t stbi__fill_bits
00108e28 00000110 t stbi__zhuffman_decode
00108f38 00000050 t stbi__high_bit
00108f88 00000114 t stbi__out_gif_code
0010909c 0000002c t stbi__stdio_skip
001090c8 00000010 t stbi__stdio_read
001090d8 000001b8 t stbi__build_huffman
00109290 000000b0 t stbi__zexpand
00109340 000000a0 t stbi__getn
001093e0 000000b4 t stbi__vertical_flip
00109494 00000060 t stbi__malloc_mad2
001094f4 00000698 t stbi__convert_format16
00109b90 00000114 t stbi__hdr_convert
00109ca4 000000d0 t stbi__resample_row_h_2
00109d74 0000008c t stbi__shiftsigned
00109e00 000001fc t stbi__zbuild_huffman
00109ffc 0000008c t stbi__free_jpeg_components.constprop.0
0010a088 000000ac t stbi__mad4sizes_valid.constprop.0
0010a134 00000110 t stbi__pnm_getinteger
0010a244 000001e8 t stbi__pnm_skip_whitespace
0010a42c 000000fc t stbi__gif_parse_colortable
0010a528 000002ec t stbi__compute_huffman_codes
0010a814 000005a8 t stbi__parse_zlib
0010adbc 00000090 t stbi__malloc_mad3
0010ae4c 0000102c t stbi__create_png_image_raw
0010be78 00000680 t stbi__convert_format
0010c4f8 000000f4 t stbi__hdr_test
0010c5ec 00000058 t stbi__skip
0010c644 00000094 t stbi__get16le
0010c6d8 00000098 t stbi__get16be
0010c770 00000118 t stbi__get32le
0010c888 0000012c t stbi__get32be
0010c9b4 00000190 t stbi__hdr_gettoken
0010cb44 000000dc t stbi__grow_buffer_unsafe
0010cc20 00000078 t stbi__extend_receive
0010cc98 0000013c t stbi__jpeg_huff_decode
0010cdd4 00000308 t stbi__jpeg_decode_block
0010d0dc 00000218 t stbi__jpeg_decode_block_prog_dc
0010d2f4 000001d0 t stbi__pnm_info
0010d4c4 0000040c t stbi__bmp_parse_header.constprop.0
0010d8d0 00000e18 t stbi__bmp_load.isra.0
0010e6e8 00000180 t stbi__gif_test_raw
0010e868 00000774 t stbi__hdr_load.isra.0
0010efdc 0000030c t stbi__gif_header
0010f2e8 00000a20 t stbi__gif_load_next.isra.0
0010fd08 000000d8 t stbi__gif_load.isra.0
0010fde0 00000834 t stbi__process_marker
00110618 00000930 t stbi__decode_jpeg_header
00110f48 00001580 t stbi__decode_jpeg_image
001124c8 000000a0 T stbi_zlib_decode_malloc_guesssize_headerflag
00112568 00001254 t stbi__parse_png_file
001137bc 000033dc t stbi__load_main
00116b98 00000164 t stbi__load_and_postprocess_8bit
00116cfc 000001a4 T load_texture
00116ea0 0000038c T engine_init_game
0011722c 000000b4 T engine_reset_arrows
001172e0 000000e4 T engine_draw_model_rotated
001173c4 000000b4 T engine_check_collision
00117478 0000010c T engine_draw_explosion
00117584 00000240 t engine_state_manager.part.0
001177c4 0000001c T engine_loop
001177e0 00000054 T init_music
00117834 00000094 t _configAttribBuffer.constprop.0
001178c8 00000110 T glVertexPointer
001179d8 00000108 T glTexCoordPointer
00117ae0 0000006c T glEnableClientState
00117b4c 0000006c T glDisableClientState
00117bb8 000004e8 T glDrawRangeElements
001180a0 00000044 T glDrawArrays
001180e4 0000001c T glClearDepth
00118100 00000078 T gluPerspective
00118178 0000007c T glBegin
001181f4 0000002c T glColor3f
00118220 00000028 T glColor4f
00118248 00000084 T glVertex3f
001182cc 00000030 T glEnd
001182fc 00000050 T glLoadIdentity
0011834c 0000002c T glTranslatef
00118378 00000118 T glRotatef
00118490 00000030 T glMatrixMode
001184c0 00000048 T glFrustum
00118508 000001b0 T glClear
001186b8 00000020 T glClearColor
001186d8 00000034 T glCullFace
0011870c 000000d4 T glFlush
001187e0 00000044 T glViewport
00118824 00000044 T glScissor
00118868 00000120 T _picaRenderBuffer
00118988 000000b0 T _picaViewport
00118a38 00000058 T _picaScissorTest
00118a90 00000030 T _picaCullMode
00118ac0 00000034 T _picaAttribBuffersLocation
00118af4 000000a8 T _picaAttribBuffersFormat
00118b9c 0000003c T _picaAttribBufferConfig
00118bd8 0000003c T _picaAttribBufferOffset
00118c14 00000130 T _picaDrawArray
00118d44 00000138 T _picaDrawElements
00118e7c 00000084 T _picaDepthMap
00118f00 00000054 T _picaStencilTest
00118f54 0000003c T _picaStencilOp
00118f90 00000044 T _picaAlphaTest
00118fd4 00000068 T _picaTextureEnvSet
0011903c 00000020 T _picaTextureEnvReset
0011905c 00000044 T _picaEarlyDepthTest
001190a0 00000078 T _picaBlendFunction
00119118 00000070 T _picaUniformFloat
00119188 00000044 T _picaDepthTestWriteMask
001191cc 00000064 T _picaFinalize
00119230 0000002c T _picaBlendColor
0011925c 000001b4 T _picaTextureObjectSet
00119410 000000b4 T _picaImmediateBegin
001194c4 00000060 T _picaImmediateEnd
00119524 000000a8 T _picaFixedAttribute
001195cc 0000004c T _picaTexUnitEnable
00119618 00000048 T _picaLogicOp
00119660 0000008c t _AptEventHook
001196ec 00000040 T pglInit
0011972c 00000020 T pglExit
0011974c 000000a4 T pglSwapBuffers
001197f0 00000018 T pglSelectScreen
00119808 00000030 T _queueWaitAndClear
00119838 00000044 T _queueRun
0011987c 00000190 T _stateInitialize
00119a10 000001dc T _stateDefault
00119bec 00000310 T _stateFlush
00119efc 0000017c T glEnable
0011a078 00000004 T glShadeModel
0011a07c 00000004 T glNormalPointer
0011a080 00000008 T _readRGBA8
0011a088 00000020 T _readRGB8
0011a0a8 0000001c T _readLA8
0011a0c4 00000010 T _readA8
0011a0d4 0000002c T _writeRGBA4
0011a100 00000024 T _writeRGB565
0011a124 00000010 T _writeLA4
0011a134 00000014 T _writeLA8
0011a148 0000000c T _writeA8
0011a154 00000280 t _textureTile
0011a3d4 000001c8 t glTexEnvi.part.0
0011a59c 00000018 T glActiveTexture
0011a5b4 00000290 T glTexImage2D
0011a844 00000160 T glTexParameterf
0011a9a4 0000000c T glTexParameteri
0011a9b0 000000a0 T glBindTexture
0011aa50 00000080 T glGenTextures
0011aad0 00000018 T glTexEnvf
0011aae8 00000048 T hashTableGet
0011ab30 0000008c T hashTableInsert
0011abbc 0000000c T hashTableUniqueKey
0011abc8 00000074 T matrix4x4_multiply
0011ac3c 0000009c T matrix4x4_translate
0011acd8 000000b8 T matrix4x4_rotate_x
0011ad90 000000b8 T matrix4x4_rotate_y
0011ae48 000000b8 T matrix4x4_rotate_z
0011af00 000000f0 T matrix4x4_frustum
0011aff0 0000004c T glAlphaFunc
0011b03c 00000044 T glBlendEquation
0011b080 000001fc T glBlendFunc
0011b27c 00000058 t _Mix_remove_all_effects
0011b2d4 000000ac t Mix_DoEffects
0011b380 000000d4 T Mix_Init
0011b454 00000098 T Mix_Volume
0011b4ec 00000470 t mix_channels
0011b95c 000000f4 T Mix_HaltChannel
0011ba50 0000012c T Mix_CloseAudio
0011bb7c 00000258 T Mix_OpenAudio
0011bdd4 00000088 t music_internal_volume
0011be5c 000000a0 t music_internal_halt
0011befc 00000070 t music_internal_position
0011bf6c 000000d4 t music_internal_playing
0011c040 00000164 t music_internal_play
0011c1a8 0000007c t music_halt_or_loop.isra.0
0011c224 000001f0 T music_mixer
0011c418 00000280 T open_music
0011c698 00000050 T Mix_VolumeMusic
0011c6e8 00000060 T close_music
0011c748 00000028 T WAVStream_Init
0011c770 00000010 T WAVStream_SetVolume
0011c780 0000002c T WAVStream_Start
0011c7ac 000001b4 T WAVStream_PlaySome
0011c960 00000014 T WAVStream_Stop
0011c974 00000044 T WAVStream_Active
0011c9b8 00000134 T Mix_InitMOD
0011caec 000001f4 T MOD_init
0011cce0 00000018 T MOD_exit
0011ccf8 00000014 T MOD_setvolume
0011cd0c 00000010 T MOD_play
0011cd1c 00000010 T MOD_playing
0011cd2c 000001fc T MOD_playAudio
0011cf28 00000010 T MOD_stop
0011cf38 0000001c T MOD_jump_to_time
0011cf58 000001cc t recompute_freq
0011d128 000004f4 t recompute_amp
0011d61c 00000090 t finish_note
0011d6ac 000000f0 t note_off
0011d79c 00000078 t adjust_volume
0011d814 000000e4 t do_compute_data.part.0
0011d8f8 00000090 t select_sample.isra.0
0011d988 0000085c t start_note
0011e1e8 000005c4 t skip_to
0011e7b0 000003c8 t compute_data
0011eb78 00000ca4 T Timidity_PlaySome
0011f820 00000114 T Timidity_SetVolume
0011f938 0000009c T Timidity_Start
0011f9d4 00000010 T Timidity_Active
0011f9e4 00000014 T Timidity_Stop
0011f9f8 00000050 T Timidity_Close
0011fa48 00000004 T init_tables
0011fa4c 00000a0c t read_config_file
00120458 000002d4 T Timidity_Init
0012072c 00000064 T Mix_InitOgg
00120790 00000148 t OGG_getsome
001208d8 00000028 T OGG_init
00120900 00000008 T OGG_setvolume
00120908 0000000c T OGG_play
00120914 00000008 T OGG_playing
0012091c 0000009c T OGG_playAudio
001209b8 0000000c T OGG_stop
001209c4 00000030 T OGG_jump_to_time
001209f4 0000013c t read_next_frame
00120b30 00000014 T mad_start
00120b44 00000014 T mad_stop
00120b58 00000014 T mad_isPlaying
00120b6c 00000284 T mad_getSamples
00120df0 000000f0 T mad_seek
00120ee0 0000000c T mad_setVolume
00120eec 00000028 T _Mix_InitEffects
00120f14 00000004 T _Mix_DeinitEffects
00120f18 00000028 T close_file
00120f40 000000a0 T skip
00120fe0 0000007c T safe_malloc
0012105c 00000048 T add_to_pathlist
001210a4 000002cc T open_file
00121370 00000050 T free_pathlist
001213c0 00000100 t free_layer
001214c0 000000c8 t free_old_bank
00121588 00000068 t free_bank
001215f0 00001310 t load_instrument.constprop.0
00122900 000004d8 t fill_bank
00122dd8 00000080 T load_missing_instruments
00122e58 0000005c T free_instruments
00122eb4 0000007c T set_default_instrument
00122f30 000000f8 T recompute_envelope
00123028 000001f4 T apply_envelope_to_amp
00123220 0000015c t update_signal
0012337c 00000e20 T mix_voice
0012419c 00000038 T s32tos8
001241d4 00000040 T s32tou8
00124214 00000048 T s32tos16
0012425c 0000004c T s32tou16
001242a8 0000004c T s32tos16x
001242f4 0000005c T s32tou16x
00124350 000001d4 t update_vibrato
00124524 00000a88 T resample_voice
00124fb0 000002d4 T pre_resample
00125284 00000018 t ctl_open
0012529c 00000014 t ctl_close
001252b0 00000008 t ctl_read
001252b8 00000004 t ctl_refresh
001252bc 00000004 t ctl_total_time
001252c0 00000004 t ctl_file_name
001252c4 00000004 t ctl_program
001252c8 0000005c t cmsg
00125324 00000004 t ctl_sustain
00125328 00000004 t ctl_note
0012532c 00000004 t ctl_pitch_bend
00125330 00000004 t ctl_volume
00125334 00000004 t ctl_expression
00125338 00000004 t ctl_panning
0012533c 00000004 t ctl_master_volume
00125340 00000004 t ctl_current_time
00125344 00000004 t ctl_reset
00125348 00000068 T _Eff_PositionDeinit
001253b0 00000568 T antialiasing
00125918 000001d0 T SDL_SetError
00125ae8 000001f8 T SDL_GetErrorMsg
00125ce0 00000010 T SDL_GetError
00125cf0 00000058 T SDL_Error
00125d48 00000030 t SDL_LockAudio_Default
00125d78 00000030 t SDL_UnlockAudio_Default
00125da8 00000198 T SDL_RunAudio
00125f40 000004b8 T SDL_OpenAudio
001263f8 00000018 T SDL_PauseAudio
00126410 00000024 T SDL_LockAudio
00126434 00000024 T SDL_UnlockAudio
00126458 00000008 T SDL_CloseAudio
00126460 000000ac T SDL_AudioQuit
0012650c 000000e8 T SDL_AudioInit
001265f4 000000dc T SDL_FirstAudioFormat
001266d0 00000054 T SDL_NextAudioFormat
00126724 00000038 T SDL_CalculateAudioSpec
0012675c 00000284 T SDL_ConvertMono
001269e0 000001f0 T SDL_ConvertStrip
00126bd0 000001f4 T SDL_ConvertStrip_2
00126dc4 00000098 T SDL_ConvertStereo
00126e5c 000003c0 T SDL_ConvertSurround
0012721c 0000034c T SDL_ConvertSurround_4
00127568 0000006c T SDL_Convert16LSB
001275d4 0000007c T SDL_Convert16MSB
00127650 0000008c T SDL_Convert8
001276dc 000000a4 T SDL_ConvertSign
00127780 00000064 T SDL_ConvertEndian
001277e4 000000cc T SDL_RateMUL2
001278b0 00000110 T SDL_RateMUL2_c2
001279c0 00000178 T SDL_RateMUL2_c4
00127b38 000001e0 T SDL_RateMUL2_c6
00127d18 000000e8 T SDL_RateDIV2
00127e00 000000f4 T SDL_RateDIV2_c2
00127ef4 0000011c T SDL_RateDIV2_c4
00128010 00000158 T SDL_RateDIV2_c6
00128168 00000050 T SDL_ConvertAudio
001281b8 000005bc T SDL_BuildAudioCVT
00128774 000001fc T SDL_MixAudio
00128970 000000c0 t SDL_DelThread.part.0
00128a30 0000009c T SDL_GetErrBuf
00128acc 0000003c T SDL_RunThread
00128b08 0000017c T SDL_CreateThread
00128c84 0000004c T SDL_WaitThread
00128cd0 00000018 T SDL_StartTicks
00128ce8 00000068 T SDL_GetTicks
00128d50 00000010 T SDL_Delay
00128d60 00000008 T SDL_SYS_TimerInit
00128d68 00000004 T SDL_SYS_TimerQuit
00128d6c 00000018 T SDL_SYS_StartTimer
00128d84 00000004 T SDL_SYS_StopTimer
00128d88 00000008 t N3DSAUD_Available
00128d90 0000000c t N3DSAUD_GetAudioBuf
00128d9c 00000128 t N3DSAUD_CreateDevice
00128ec4 0000005c t N3DSAUD_DeleteDevice
00128f20 00000008 t N3DSAUD_UnlockAudio
00128f28 00000008 t N3DSAUD_LockAudio
00128f30 000000c4 t N3DSAUD_CloseAudio
00128ff4 00000074 t audioFrameFinished
00129068 000000a8 t N3DSAUD_PlayAudio
00129110 00000068 t N3DSAUD_WaitAudio
00129178 00000260 t N3DSAUD_OpenAudio
001293d8 0000005c t N3DSAUD_DspHook
00129434 00000028 T SDL_CreateMutex
0012945c 0000000c T SDL_DestroyMutex
00129468 0000002c T SDL_mutexP
00129494 0000002c T SDL_mutexV
001294c0 00000034 T SDL_CreateSemaphore
001294f4 0000000c T SDL_DestroySemaphore
00129500 00000030 T SDL_SemWait
00129530 00000014 T SDL_SemPost
00129544 00000004 T ThreadEntry
00129548 000000a0 T SDL_SYS_CreateThread
001295e8 00000004 T SDL_SYS_SetupThread
001295ec 00000038 T SDL_ThreadID
00129624 00000010 T SDL_SYS_WaitThread
00129634 00000158 T SDL_InitSubSystem
0012978c 0000009c T SDL_QuitSubSystem
00129828 00000004 t callback_wrapper
0012982c 0000008c t SDL_AddTimerInternal
001298b8 00000044 T SDL_SetTimerThreaded
001298fc 0000013c T SDL_ThreadedTimerCheck
00129a38 00000150 T SDL_SetTimer
00129b88 00000068 T SDL_TimerQuit
00129bf0 00000098 T SDL_TimerInit
00129c88 00000088 t SDL_WM_GrabInputRaw
00129d10 00000118 T SDL_VideoQuit
00129e28 00000208 T SDL_VideoInit
0012a030 000000c0 t SDL_JoystickClose.part.0
0012a0f0 00000064 T SDL_JoystickInit
0012a154 000000a0 T SDL_JoystickQuit
0012a1f4 0000009c T SDL_PrivateJoystickAxis
0012a290 0000008c T SDL_PrivateJoystickHat
0012a31c 000000b0 T SDL_PrivateJoystickButton
0012a3cc 0000003c T SDL_JoystickUpdate
0012a408 00000014 T SDL_SYS_JoystickInit
0012a41c 00000498 T SDL_SYS_JoystickUpdate
0012a8b4 00000004 T SDL_SYS_JoystickClose
0012a8b8 00000004 T SDL_SYS_JoystickQuit
0012a8bc 00000008 t N3DS_Available
0012a8c4 00000008 t N3DS_ListModes
0012a8cc 00000008 t N3DS_AllocHWSurface
0012a8d4 00000008 t N3DS_LockHWSurface
0012a8dc 00000004 t N3DS_UnlockHWSurface
0012a8e0 00000060 t N3DS_SetColors
0012a940 00000108 t N3DS_CreateDevice
0012aa48 00000024 t N3DS_DeleteDevice
0012aa6c 00000048 t N3DS_VideoInit
0012aab4 00000168 t N3DS_FlipHWSurface.part.0
0012aab4 00000168 t N3DS_UpdateRects.part.0
0012ac1c 00000024 t N3DS_FlipHWSurface
0012ac40 00000020 t N3DS_UpdateRects
0012ac60 00000004 t N3DS_FreeHWSurface
0012ac64 000000ec t N3DS_VideoQuit
0012ad50 000000ac T N3DS_SetScaling
0012adfc 00000848 t N3DS_SetVideoMode
0012b644 0000003c T N3DS_ToggleFullScreen
0012b680 00000114 T drawTexture
0012b798 000002b8 t videoThread
0012ba50 000000ec t SDL_GobbleEvents
0012bb3c 00000064 T SDL_Lock_EventThread
0012bba0 00000044 T SDL_Unlock_EventThread
0012bbe4 0000007c T SDL_StopEventLoop
0012bc60 00000110 T SDL_StartEventLoop
0012bd70 0000021c T SDL_PeepEvents
0012bf8c 00000028 T SDL_PushEvent
0012bfb8 00000ba4 T SDL_KeyboardInit
0012cb5c 00000004 T SDL_KeyboardQuit
0012cb60 0000008c T SDL_CheckKeyRepeat
0012cbec 00000078 t ClipOffset
0012cc64 00000060 T SDL_MouseInit
0012ccc4 00000004 T SDL_MouseQuit
0012ccc8 00000038 T SDL_GetMouseState
0012cd00 000001c4 T SDL_PrivateMouseMotion
0012cec4 00000208 T SDL_PrivateMouseButton
0012d0cc 00000070 t SDL_HandleSIG
0012d13c 00000048 T SDL_QuitInit
0012d184 00000050 T SDL_QuitQuit
0012d1d4 000000d0 T SDL_MouseRect
0012d2a8 00000704 T SDL_DrawCursorNoLock
0012d9ac 000000c0 T SDL_DrawCursor
0012da6c 00000188 T SDL_EraseCursorNoLock
0012dbf4 000000c0 T SDL_EraseCursor
0012dcb4 000001d0 T SDL_SetCursor
0012de84 000000a0 T SDL_FreeCursor
0012df24 00000098 T SDL_CursorQuit
0012dfbc 000001d0 T SDL_CreateCursor
0012e18c 00000090 T SDL_CursorInit
0012e21c 000000b8 T SDL_MoveCursor
0012e2d4 00000054 T SDL_FormatChanged
0012e328 00000040 T SDL_FreeFormat
0012e368 000004d8 T SDL_AllocFormat
0012e840 000000c8 T SDL_ReallocFormat
0012e908 0000005c T SDL_CalculatePitch
0012e964 0000007c T SDL_FindColor
0012e9e0 00000064 T SDL_MapRGB
0012ea44 0000005c T SDL_AllocBlitMap
0012eaa0 00000038 T SDL_FreeBlitMap
0012ead8 00000094 T SDL_LockSurface
0012eb6c 00000064 T SDL_UnlockSurface
0012ebd0 00000454 T SDL_FillRect
0012f024 00000148 T SDL_FreeSurface
0012f16c 0000027c T SDL_CreateRGBSurface
0012f3e8 0000018c T N3DS_PumpEvents
0012f574 00000004 T N3DS_InitOSKeymap
0012f578 00000018 T SDL_AppActiveInit
0012f590 00000004 T SDL_AppActiveQuit
0012f594 00000100 t copy_opaque_16
0012f694 0000011c t uncopy_opaque_16
0012f7b0 000000fc t copy_transl_565
0012f8ac 000000fc t copy_transl_555
0012f9a8 00000124 t uncopy_transl_16
0012facc 000000dc t copy_32
0012fba8 00000110 t uncopy_32
0012fcb8 00000008 t getpix_8
0012fcc0 00000008 t getpix_16
0012fcc8 00000010 t getpix_24
0012fcd8 00000008 t getpix_32
0012fce0 00002438 T SDL_RLEBlit
00132118 00000250 T SDL_UnRLESurface
00132368 00000c80 T SDL_RLESurface
00132fe8 00000008 t NS_IsThere
00132ff0 0000001c t NS_Update
0013300c 00000024 t NS_Exit
00133030 00000020 t NS_Init
00133050 00000014 T MikMod_realloc
00133064 00000058 T MikMod_malloc
001330bc 00000050 T MikMod_calloc
0013310c 0000000c T MikMod_free
00133118 00000088 T MikMod_strdup
001331a0 0000001c T MikMod_strerror
001331bc 00000074 t Voice_SetPanning_internal.part.0
00133230 00000064 t Voice_Play_internal.part.0
00133294 00000054 T MD_SampleSpace
001332e8 00000054 T MD_SampleLength
0013333c 000000e0 T MikMod_InfoDriver
0013341c 0000004c T _mm_registerdriver
00133468 00000024 T MikMod_RegisterDriver
0013348c 00000074 T MD_SampleLoad
00133500 00000014 T MD_SampleUnload
00133514 000000b0 T Voice_SetVolume_internal
001335c4 00000070 T Voice_SetFrequency_internal
00133634 00000020 T Voice_SetPanning_internal
00133654 00000020 T Voice_Play_internal
00133674 0000005c T Voice_Stop_internal
001336d0 0000003c T Voice_Stopped_internal
0013370c 000000b4 T MikMod_Exit_internal
001337c0 000001a4 t _mm_init
00133964 00000004 T MikMod_Init
00133968 0000053c t MikMod_SetNumVoices_internal.part.0
00133ea4 00000004 T MikMod_Exit
00133ea8 00000014 T MikMod_SetNumVoices_internal
00133ebc 00000060 T MikMod_EnableOutput
00133f1c 00000038 T MikMod_DisableOutput_internal
00133f54 00000010 T MikMod_Active
00133f64 00000070 t ML_TryUnpack
00133fd4 00000170 t ML_FreeEx
00134144 0000040c t Player_LoadGeneric_internal
00134550 000000c4 T MikMod_InfoLoader
00134614 0000002c T _mm_registerloader
00134640 000000b0 T ReadComment
001346f0 00000160 T ReadLinedComment
00134850 00000048 T AllocPositions
00134898 000000dc T AllocPatterns
00134974 0000004c T AllocTracks
001349c0 00000098 T AllocInstruments
00134a58 00000084 T AllocSamples
00134adc 00000104 T DupStr
00134be0 0000001c T Player_Free
00134bfc 00000004 T Player_LoadGeneric
00134c00 000000f8 T MikMod_RegisterAllLoaders
00134cf8 000000c0 t StartEnvelope
00134db8 000000c0 t DoToneSlide
00134e78 000000b4 t DoS3MVolSlide
00134f2c 00000060 t DoS3MSlideDn
00134f8c 00000060 t DoS3MSlideUp
00134fec 00000028 t DoKeyOff
00135014 000000f8 t DoITToneSlide
0013510c 00000214 t DoNNAEffects
00135320 000000cc t Player_Init_internal
001353ec 000000ac t DoITEffectW
00135498 0000004c t DoITEffectT
001354e4 000000a0 t DoITEffectP
00135584 00000098 t DoITEffectN
0013561c 00000038 t DoITEffectM
00135654 00000068 t DoITEffectI
001356bc 00000030 t DoITEffectG
001356ec 00000068 t DoXMEffectX2
00135754 00000068 t DoXMEffectX1
001357bc 0000006c t DoXMEffectP
00135828 000000a0 t DoXMEffectL
001358c8 0000006c t DoXMEffectH
00135934 00000028 t DoXMEffectG
0013595c 00000054 t DoXMEffectEB
001359b0 00000054 t DoXMEffectEA
00135a04 00000074 t DoXMEffectA
00135a78 0000003c t DoS3MEffectT
00135ab4 0000007c t DoS3MEffectI
00135b30 0000003c t DoS3MEffectF
00135b6c 0000003c t DoS3MEffectE
00135ba8 00000038 t DoS3MEffectD
00135be0 0000005c t DoS3MEffectA
00135c3c 00000090 t DoPTEffectF
00135ccc 000000f0 t DoPTEffectD
00135dbc 00000040 t DoPTEffectC
00135dfc 000000f8 t DoPTEffectB
00135ef4 00000030 t DoPTEffect8
00135f24 00000058 t DoPTEffect3
00135f7c 00000010 t DoNothing
00135f8c 00000100 t DoS3MEffectR
0013608c 0000001c t DoMEDSpeed
001360a8 00000050 t DoULTEffect9
001360f8 00000040 t DoXMEffectE2
00136138 00000040 t DoXMEffectE1
00136178 00000054 t DoKeyFade
001361cc 00000168 t DoS3MEffectQ
00136334 00000068 t DoPTEffect9
0013639c 0000005c t DoPTEffect2
001363f8 0000005c t DoPTEffect1
00136454 000000e0 t DoITEffectY
00136534 000000dc t DoITEffectU
00136610 000000d0 t DoITVibrato
001366e0 00000030 t DoITEffectH
00136710 00000134 t DoVolEffects
00136844 000000ac t DoVibrato.part.0
001368f0 0000009c t DoPTEffect6
0013698c 00000054 t DoPTEffect4
001369e0 000000e8 t DoS3MEffectU
00136ac8 0000010c t DoPTEffect7
00136bd4 0000011c t GetPeriod
00136cf0 00000114 t DoArpeggio
00136e04 00000078 t DoOktArp
00136e7c 0000006c t DoPTEffect0
00136ee8 000002dc t DoEEffects
001371c4 00000040 t DoMEDEffectF3
00137204 00000034 t DoMEDEffectF2
00137238 00000034 t DoMEDEffectF1
0013726c 000001b4 t DoITEffectS0
00137420 00000048 t DoPTEffectE
00137468 000001c0 t ProcessEnvelope
00137628 00000070 t DoPTEffectA
00137698 00000090 t DoXMEffect6
00137728 00000094 t DoPTEffect5
001377bc 00000018 T getlinearperiod
001377d4 00000070 T getfrequency
00137844 000015c4 T Player_HandleTick
00138e08 00000084 T Player_Init
00138e8c 00000080 T Player_Exit_internal
00138f0c 0000002c T Player_SetVolume
00138f38 00000080 T Player_Start
00138fb8 00000060 T Player_Stop
00139018 00000030 T Player_Active
00139048 00000108 T Player_SetPosition
00139150 00000038 T UniSetRow
00139188 0000003c T UniGetByte
001391c4 0000007c T UniGetWord
00139240 0000008c T UniSkipOpcode
001392cc 00000044 T UniFindRow
00139310 00000044 T UniReset
00139354 00000074 T UniWriteByte
001393c8 00000084 T UniWriteWord
0013944c 00000124 T UniNewline
00139570 00000098 T UniDup
00139608 00000030 T UniInit
00139638 00000020 T UniCleanup
00139658 0000020c t DitherSamples.part.0
00139864 0000006c T SL_Init
001398d0 00000044 T SL_Exit
00139914 000008d0 T SL_Load
0013a1e4 0000009c T SL_RegisterSample
0013a280 00000090 T SL_LoadSamples
0013a310 00000024 T SL_Sample8to16
0013a334 00000024 T SL_SampleSigned
0013a358 00000010 T VC_Init
0013a368 00000010 T VC_Exit
0013a378 00000010 T VC_SetNumVoices
0013a388 00000010 T VC_SampleSpace
0013a398 00000010 T VC_SampleLength
0013a3a8 00000010 T VC_PlayStart
0013a3b8 00000010 T VC_PlayStop
0013a3c8 00000010 T VC_SampleLoad
0013a3d8 00000010 T VC_SampleUnload
0013a3e8 00000010 T VC_WriteBytes
0013a3f8 00000010 T VC_VoiceSetVolume
0013a408 00000010 T VC_VoiceGetVolume
0013a418 00000010 T VC_VoiceSetFrequency
0013a428 00000010 T VC_VoiceGetFrequency
0013a438 00000010 T VC_VoiceSetPanning
0013a448 00000010 T VC_VoiceGetPanning
0013a458 00000024 T VC_VoicePlay
0013a47c 00000010 T VC_VoiceStop
0013a48c 00000010 T VC_VoiceStopped
0013a49c 00000010 T VC_VoiceGetPosition
0013a4ac 00000010 T VC_VoiceRealVolume
0013a4bc 00000330 T VC_SetupPointers
0013a7ec 00000058 t S69_LoadTitle
0013a844 00000034 t S69_Cleanup
0013a878 0000017c t S69_Test
0013a9f4 000007bc t S69_Load
0013b1b0 00000048 t S69_Init
0013b1f8 00000058 t AMF_LoadTitle
0013b250 00000034 t AMF_Cleanup
0013b284 00000ebc t AMF_Load
0013c140 0000007c t AMF_Test
0013c1bc 00000048 t AMF_Init
0013c204 0000000c t ASY_LoadTitle
0013c210 00000034 t ASY_Cleanup
0013c244 00000078 t ASY_Test
0013c2bc 00000028 t ASY_Init
0013c2e4 00000690 t ASY_Load
0013c974 00000058 t DSM_LoadTitle
0013c9cc 00000034 t DSM_Cleanup
0013ca00 00000060 t DSM_Test
0013ca60 000000f4 t GetBlockHeader
0013cb54 00000048 t DSM_Init
0013cb9c 00000778 t DSM_Load
0013d314 00000058 t FAR_LoadTitle
0013d36c 00000048 t FAR_Cleanup
0013d3b4 00000878 t FAR_Load
0013dc2c 0000008c t FAR_Test
0013dcb8 00000068 t FAR_Init
0013dd20 00000058 t GDM_LoadTitle
0013dd78 00000034 t GDM_Cleanup
0013ddac 00000ca0 t GDM_Load
0013ea4c 000000b0 t GDM_Test
0013eafc 00000044 t GDM_Init
0013eb40 00000058 t IMF_LoadTitle
0013eb98 00000038 t IMF_Cleanup
0013ebd0 00000120 t IMF_Test
0013ecf0 00000360 t IMF_ProcessCmd.part.0
0013f050 00001194 t IMF_Load
001401e4 00000044 t IMF_Init
00140228 00000080 t LoadMidiString
001402a8 00000058 t IT_LoadTitle
00140300 0000009c t IT_Cleanup
0014039c 000001dc t IT_LoadMidiConfiguration
00140578 00001ca4 t IT_Load
0014221c 00000048 t IT_Test
00142264 000000a0 t IT_Init
00142304 00000060 t M15_LoadTitle
00142364 00000034 t M15_Cleanup
00142398 00000024 t M15_Init
001423bc 00000244 t LoadModuleHeader.part.0
00142600 00000304 t M15_Test
00142904 00000848 t M15_Load
0014314c 000000c4 t MED_LoadTitle
00143210 00000084 t MED_Cleanup
00143294 000001dc t EffectCvt
00143470 000010b8 t MED_Load
00144528 0000005c t MED_Test
00144584 00000068 t MED_Init
001445ec 00000060 t MOD_LoadTitle
0014464c 00000034 t MOD_Cleanup
00144680 00000028 t MOD_Init
001446a8 000002d8 t MOD_CheckType
00144980 00000064 t MOD_Test
001449e4 00000288 t ConvertNote.isra.0
00144c6c 0000089c t MOD_Load
00145508 00000058 t MTM_LoadTitle
00145560 00000034 t MTM_Cleanup
00145594 000000c0 t MTM_Convert
00145654 00000584 t MTM_Load
00145bd8 00000064 t MTM_Test
00145c3c 00000048 t MTM_Init
00145c84 0000000c t OKT_LoadTitle
00145c90 0000006c t OKT_Test
00145cfc 00000978 t OKT_Load
00146674 00000058 t S3M_LoadTitle
001466cc 00000070 t S3M_Cleanup
0014673c 0000005c t S3M_Test
00146798 00000c10 t S3M_Load
001473a8 00000074 t S3M_Init
0014741c 00000058 t STM_LoadTitle
00147474 00000034 t STM_Cleanup
001474a8 00000098 t STM_Test
00147540 00000838 t STM_Load
00147d78 0000004c t STM_Init
00147dc4 00000058 t STX_LoadTitle
00147e1c 0000005c t STX_Cleanup
00147e78 00000b18 t STX_Load
00148990 000000c8 t STX_Test
00148a58 00000074 t STX_Init
00148acc 00000008 t ULT_Init
00148ad4 00000004 t ULT_Cleanup
00148ad8 00000058 t ULT_LoadTitle
00148b30 000000a4 t ULT_Test
00148bd4 000007c0 t ULT_Load
00149394 00000094 t get_fci
00149428 00000038 t UMX_Init
00149460 00000074 t UMX_Load
001494d4 00000088 t UMX_LoadTitle
0014955c 00000048 t UMX_Cleanup
001495a4 000006d4 t UMX_Test
00149c78 00000008 t UNI_Init
00149c80 00000050 t readstring
00149cd0 00000080 t UNI_LoadTitle
00149d50 0000002c t UNI_Cleanup
00149d7c 000014dc t UNI_Load
0014b258 000000a8 t UNI_Test
0014b300 00000068 t FixEnvelope
0014b368 00000058 t XM_LoadTitle
0014b3c0 00000020 t XM_Cleanup
0014b3e0 000004f0 t XM_Convert
0014b8d0 00000930 t LoadInstruments
0014c200 00000060 t XM_Test
0014c260 00000024 t XM_Init
0014c284 00000578 t LoadPatterns
0014c7fc 0000067c t XM_Load
0014ce78 00000028 t _mm_MemReader_Eof
0014cea0 00000078 t _mm_MemReader_Read
0014cf18 00000028 t _mm_MemReader_Get
0014cf40 00000084 t _mm_MemReader_Seek
0014cfc4 00000014 t _mm_MemReader_Tell
0014cfd8 00000020 T _mm_iobase_setcur
0014cff8 0000000c T _mm_iobase_revert
0014d004 00000004 T _mm_delete_mem_reader
0014d008 0000006c T _mm_new_mem_reader
0014d074 00000018 T _mm_read_string
0014d08c 00000034 T _mm_read_M_UWORD
0014d0c0 00000030 T _mm_read_I_UWORD
0014d0f0 0000006c T _mm_read_M_ULONG
0014d15c 0000005c T _mm_read_I_ULONG
0014d1b8 00000038 T _mm_read_M_SWORD
0014d1f0 00000030 T _mm_read_I_SWORD
0014d220 0000006c T _mm_read_M_SLONG
0014d28c 0000005c T _mm_read_I_SLONG
0014d2e8 00000068 T _mm_read_M_SWORDS
0014d350 00000068 T _mm_read_M_UWORDS
0014d3b8 00000060 T _mm_read_I_SWORDS
0014d418 00000060 T _mm_read_I_UWORDS
0014d478 000000a4 T _mm_read_M_ULONGS
0014d51c 00000094 T _mm_read_I_ULONGS
0014d5b0 00000070 t MMCMP_GetBits.part.0
0014d620 00000874 T MMCMP_Unpack
0014de94 0000053c T PP20_Unpack
0014e3d0 00000068 t getb
0014e438 00000508 T S404_Unpack
0014e940 0000038c t copy_data
0014eccc 00000588 T XPK_Unpack
0014f254 00000064 T _mm_strcasecmp
0014f2b8 00000044 T AllocLinear
0014f2fc 0000002c T FreeLinear
0014f328 00000104 T speed_to_finetune
0014f42c 00000108 T S3MIT_CreateOrders
0014f534 00000680 T S3MIT_ProcessCmd
0014fbb4 00000050 T UniEffect
0014fc04 00000084 T UniPTEffect
0014fc88 00000034 T UniVolEffect
0014fcbc 000003ac t MixReverb_Normal
00150068 00000600 t MixReverb_Stereo
00150668 00000060 t MixLowPass_Stereo
001506c8 0000003c t MixLowPass_Normal
00150704 00000090 T VC1_SilenceBytes
00150794 0000004c T VC1_Exit
001507e0 0000001c T VC1_VoiceGetVolume
001507fc 0000001c T VC1_VoiceGetPanning
00150818 0000001c T VC1_VoiceSetFrequency
00150834 0000001c T VC1_VoiceGetFrequency
00150850 00000044 T VC1_VoicePlay
00150894 00000020 T VC1_VoiceStop
001508b4 00000024 T VC1_VoiceStopped
001508d8 00000028 T VC1_VoiceGetPosition
00150900 00000038 T VC1_VoiceSetVolume
00150938 00000038 T VC1_VoiceSetPanning
00150970 00000038 T VC1_SampleUnload
001509a8 00000200 T VC1_SampleLoad
00150ba8 00000008 T VC1_SampleSpace
00150bb0 00000024 T VC1_SampleLength
00150bd4 000000b8 T VC1_VoiceRealVolume
00150c90 00001984 T VC1_WriteSamples
00152614 00000080 T VC1_WriteBytes
00152694 000000e4 T VC1_Init
00152778 000003c0 T VC1_PlayStart
00152b38 00000158 T VC1_PlayStop
00152c90 000000b0 T VC1_SetNumVoices
00152d40 000003ac t MixReverb_Normal
001530ec 00000600 t MixReverb_Stereo
001536ec 00000060 t MixLowPass_Stereo
0015374c 0000003c t MixLowPass_Normal
00153788 000000cc t Mix32ToFP_Normal
00153854 0000014c t Mix32ToFP_Stereo
001539a0 000000ac t Mix32To16_Normal
00153a4c 00000120 t Mix32To16_Stereo
00153b6c 000000a4 t Mix32To8_Normal
00153c10 00000118 t Mix32To8_Stereo
00153d28 00000090 T VC2_SilenceBytes
00153db8 0000004c T VC2_Exit
00153e04 00000020 T VC2_VoiceGetVolume
00153e24 00000020 T VC2_VoiceGetPanning
00153e44 00000020 T VC2_VoiceSetFrequency
00153e64 00000020 T VC2_VoiceGetFrequency
00153e84 00000048 T VC2_VoicePlay
00153ecc 00000024 T VC2_VoiceStop
00153ef0 00000028 T VC2_VoiceStopped
00153f18 0000002c T VC2_VoiceGetPosition
00153f44 0000003c T VC2_VoiceSetVolume
00153f80 0000003c T VC2_VoiceSetPanning
00153fbc 00000038 T VC2_SampleUnload
00153ff4 00000200 T VC2_SampleLoad
001541f4 00000008 T VC2_SampleSpace
001541fc 00000024 T VC2_SampleLength
00154220 000000bc T VC2_VoiceRealVolume
001542e0 000012a4 T VC2_WriteSamples
00155584 00000080 T VC2_WriteBytes
00155604 00000160 T VC2_Init
00155764 000003d4 T VC2_PlayStart
00155b38 0000016c T VC2_PlayStop
00155ca4 000000c4 T VC2_SetNumVoices
00155d68 00000124 t _get_next_page
00155e8c 00000104 t _initial_pcmoffset
00155f90 00000080 t _seek_helper
00156010 00000098 t _make_decode_ready
001560a8 00000208 t _get_prev_page_serial
001562b0 00000354 t _fetch_headers
00156604 00000538 t _bisect_forward_serialno
00156b3c 0000036c t _fetch_and_process_packet.constprop.10
00156ea8 000000f4 T ov_clear
00156f9c 00000214 t _ov_open1
001571b0 0000004c T ov_pcm_total
001571fc 00000058 t ov_pcm_total.part.3
00157254 000000a0 T ov_time_total
001572f4 00000058 t ov_time_total.part.4
0015734c 0000049c T ov_raw_seek
001577e8 000001ac t _open_seekable2
00157994 000000a0 T ov_open_callbacks
00157a34 00000b08 T ov_pcm_seek_page
0015853c 00000390 T ov_pcm_seek
001588cc 0000014c T ov_time_seek
00158a18 00000058 T ov_info
00158a70 0000017c T ov_read
00158bec 00000024 T vorbis_block_init
00158c10 00000074 T _vorbis_block_alloc
00158c84 00000078 T _vorbis_block_ripcord
00158cfc 00000034 T vorbis_block_clear
00158d30 00000078 T vorbis_synthesis_restart
00158da8 00000124 T vorbis_dsp_clear
00158ecc 000002cc T vorbis_synthesis_init
00159198 00000650 T vorbis_synthesis_blockin
001597e8 00000074 T vorbis_synthesis_pcmout
0015985c 00000030 T vorbis_synthesis_read
0015988c 000000b8 T _vorbis_window
00159944 00000164 T _vorbis_apply_window
00159aa8 000001c4 t _vorbis_synthesis1
00159c6c 00000008 T vorbis_synthesis
00159c74 00000008 T vorbis_synthesis_trackonly
00159c7c 00000088 T vorbis_packet_blocksize
00159d04 00000018 T vorbis_comment_init
00159d1c 0000008c T vorbis_comment_clear
00159da8 00000014 T vorbis_info_blocksize
00159dbc 00000040 T vorbis_info_init
00159dfc 000001a8 T vorbis_info_clear
00159fa4 000000b0 T vorbis_synthesis_idheader
0015a054 000006b0 T vorbis_synthesis_headerin
0015a704 000003d0 T vorbis_staticbook_unpack
0015aad4 000001b0 T vorbis_book_decode
0015ac84 00000550 T vorbis_book_decodevs_add
0015b1d4 00000448 T vorbis_book_decodev_add
0015b61c 00000460 T vorbis_book_decodev_set
0015ba7c 00000424 T vorbis_book_decodevv_add
0015bea0 0000005c t bitreverse
0015befc 0000002c t sort32a
0015bf28 00000024 T _ilog
0015bf4c 00000284 T _make_words
0015c1d0 000000ac T _book_maptype1_quantvals
0015c27c 00000728 t _book_unquantize.part.1
0015c9a4 00000034 T vorbis_staticbook_destroy
0015c9d8 0000006c T vorbis_book_clear
0015ca44 000004d0 T vorbis_book_init_decode
0015cf14 00000018 t icomp
0015cf2c 00000240 t floor1_inverse2
0015d16c 00000324 t floor1_inverse1
0015d490 0000000c t floor1_free_look
0015d49c 0000000c t floor1_free_info
0015d4a8 00000208 t floor1_look
0015d6b0 0000031c t floor1_unpack
0015d9cc 00000154 t floor0_inverse1
0015db20 0000000c t floor0_free_info
0015db2c 0000011c t floor0_unpack
0015dc48 00000038 t floor0_free_look
0015dc80 00000244 t floor0_look
0015dec4 000003e0 T vorbis_lsp_to_curve
0015e2a4 0000006c t floor0_inverse2
0015e310 0000000c T res0_free_info
0015e31c 00000218 T res0_unpack
0015e534 000002a8 T res0_look
0015e7dc 000002bc t _01inverse
0015ea98 00000068 T res0_inverse
0015eb00 00000068 T res1_inverse
0015eb68 00000254 T res2_inverse
0015edbc 0000008c T res0_free_look
0015ee48 000004a8 t mapping0_inverse
0015f2f0 0000000c t mapping0_free_info
0015f2fc 00000140 t mapping0_look
0015f43c 00000260 t mapping0_unpack
0015f69c 00000090 t mapping0_free_look
0015f72c 00001a00 T mdct_backward
0016112c 00000100 t _os_update_crc
0016122c 0000012c t _packetout
00161358 00000010 T ogg_page_continued
00161368 00000010 T ogg_page_bos
00161378 00000010 T ogg_page_eos
00161388 00000044 T ogg_page_granulepos
001613cc 0000000c T ogg_page_serialno
001613d8 00000054 T ogg_stream_clear
0016142c 00000098 T ogg_stream_init
001614c4 00000078 t _os_body_expand
0016153c 0000008c t _os_lacing_expand
001615c8 00000078 T ogg_page_checksum_set
00161640 00000030 T ogg_sync_init
00161670 00000044 T ogg_sync_clear
001616b4 000000c8 T ogg_sync_buffer
0016177c 00000034 T ogg_sync_wrote
001617b0 000001d8 T ogg_sync_pageseek
00161988 00000380 T ogg_stream_pagein
00161d08 00000030 T ogg_sync_reset
00161d38 00000068 T ogg_stream_reset
00161da0 00000068 T ogg_stream_reset_serialno
00161e08 00000024 T ogg_stream_packetout
00161e2c 00000024 T ogg_stream_packetpeek
00161e50 0000001c T oggpack_readinit
00161e6c 000000c4 T oggpack_look
00161f30 00000064 T oggpack_adv
00161f94 000000fc T oggpack_read
00162090 00000014 T oggpack_bytes
001620a4 00000028 T AttrInfo_Init
001620cc 00000094 T AttrInfo_AddLoader
00162160 00000020 T C3D_GetAttrInfo
00162180 00000080 T C3Di_AttrInfoBind
00162200 00000004 W C3Di_LightEnvUpdate
00162204 00000004 W C3Di_LightEnvDirty
00162208 00000004 W C3Di_ProcTexUpdate
0016220c 00000004 W C3Di_ProcTexDirty
00162210 000000b4 t C3Di_AptEventHook
001622c4 00000004 W C3Di_GasUpdate
001622c8 000001d0 T C3D_Init
00162498 00000098 T C3D_SetViewport
00162530 000004e8 T C3Di_UpdateContext
00162a18 000000e0 T C3Di_SplitFrame
00162af8 00000044 T C3D_Fini
00162b3c 00000194 T C3D_BindProgram
00162cd0 00000024 T BufInfo_Init
00162cf4 00000020 T C3D_GetBufInfo
00162d14 00000048 T C3Di_BufInfoBind
00162d5c 00000040 T C3D_DepthMap
00162d9c 0000001c T C3D_CullFace
00162db8 00000040 T C3D_StencilTest
00162df8 00000024 T C3D_StencilOp
00162e1c 0000001c T C3D_BlendingColor
00162e38 00000024 T C3D_EarlyDepthTest
00162e5c 0000002c T C3D_DepthTest
00162e88 0000002c T C3D_AlphaTest
00162eb4 00000050 T C3D_AlphaBlend
00162f04 00000030 T C3D_FragOpMode
00162f34 00000044 T C3D_FragOpShadow
00162f78 000001ac T C3Di_EffectBind
00163124 0000001c T C3D_CalcColorBufSize
00163140 0000001c T C3D_CalcDepthBufSize
0016315c 00000044 T C3D_SetFrameBuf
001631a0 0000016c T C3Di_FrameBufBind
0016330c 000000c8 T C3D_FrameBufClear
001633d4 00000044 T C3D_FrameBufTransfer
00163418 000000b8 T C3D_ImmDrawBegin
001634d0 000000a8 T C3D_ImmSendAttrib
00163578 00000074 T C3D_ImmDrawEnd
001635ec 0000004c t onVBlank0
00163638 0000004c t onVBlank1
00163684 00000080 t C3Di_RenderTargetDestroy
00163704 000000f4 t onQueueFinish
001637f8 00000038 T C3Di_RenderQueueEnableVBlank
00163830 00000030 T C3Di_RenderQueueDisableVBlank
00163860 00000060 T C3Di_RenderQueueInit
001638c0 000000b4 T C3Di_RenderQueueExit
00163974 00000034 T C3Di_RenderQueueWaitDone
001639a8 000000e8 T C3D_FrameBegin
00163a90 00000048 T C3D_FrameDrawOn
00163ad8 000001d0 T C3D_FrameEnd
00163ca8 00000170 T C3D_RenderTargetCreate
00163e18 000000f0 T C3D_RenderTargetDelete
00163f08 000000a8 T C3D_RenderTargetSetOutput
00163fb0 000000f0 T C3D_SyncDisplayTransfer
001640a0 00000034 T C3D_GetTexEnv
001640d4 00000024 T C3Di_TexEnvBind
001640f8 00000290 T C3D_TexInitWithParams
00164388 00000044 T C3D_TexBind
001643cc 00000074 T C3D_TexDelete
00164440 0000014c T C3Di_SetTex
0016458c 00000290 T C3D_UpdateUniforms
0016481c 000000c0 T C3Di_DirtyUniforms
001648dc 000000d8 T C3Di_LoadShaderUniforms
001649b4 00000028 T C3Di_ClearShaderUniforms
001649dc 000000cc T Mtx_OrthoTilt
00164aa8 00000024 t addrMapNodeComparator(rbtree_node const*, rbtree_node const*)
00164acc 00000004 t addrMapNodeDestructor(rbtree_node*)
00164ad0 00000120 T linearMemAlign
00164bf0 00000008 T linearAlloc
00164bf8 0000005c T linearFree
00164c54 00000080 T MemPool::CoalesceRight(MemBlock*)
00164cd4 0000016c T MemPool::Allocate(MemChunk&, unsigned long, int)
00164e40 000000fc T MemPool::Deallocate(MemChunk const&)
00164f3c 00000030 T MemPool::GetFreeSpace()
00164f6c 00000024 t addrMapNodeComparator(rbtree_node const*, rbtree_node const*)
00164f90 00000004 t addrMapNodeDestructor(rbtree_node*)
00164f94 0000024c T vramMemAlignAt
001651e0 0000000c T vramAlloc
001651ec 0000000c T vramAllocAt
001651f8 00000090 T vramFree
00165288 0000051c t consoleHandleColorEsc
001657a4 000000b8 t consoleColorStateShift
0016585c 000001ac T consoleDrawChar
00165a08 00000124 T consolePrintChar
00165b2c 000006f4 T con_write
00166220 000000fc t newRow
0016631c 0000018c T consoleInit
001664a8 000000d0 t gfxPresentFramebuffer
00166578 00000010 T gfxSet3D
00166588 0000001c T gfxIsWide
001665a4 000000ec T gfxSetScreenFormat
00166690 00000010 T gfxGetScreenFormat
001666a0 00000010 T gfxSetDoubleBuffering
001666b0 000000e0 T gfxInit
00166790 00000010 T gfxInitDefault
001667a0 000000b4 T gfxExit
00166854 000000a0 T gfxGetFramebuffer
001668f4 00000104 T gfxFlushBuffers
001669f8 00000030 T gfxScreenSwapBuffers
00166a28 00000050 T gfxSwapBuffersGpu
00166a78 00000074 T osConvertVirtToPhys
00166aec 00000054 T osGetTimeRef
00166b40 000000ec T osGetTime
00166c2c 00000034 T __ctru_speedup_config
00166c60 0000000c T __sync_init
00166c6c 00000018 T __sync_fini
00166c84 0000002c T syncArbitrateAddress
00166cb0 0000001c T LightLock_Init
00166ccc 000000ac T LightLock_Lock
00166d78 00000040 T LightLock_Unlock
00166db8 00000024 T RecursiveLock_Init
00166ddc 00000030 T RecursiveLock_Lock
00166e0c 00000054 T RecursiveLock_Unlock
00166e60 0000000c T CondVar_Init
00166e6c 00000084 T CondVar_Wait
00166ef0 000000b0 T CondVar_WakeUp
00166fa0 00000040 T LightEvent_Init
00166fe0 000000a4 T LightEvent_Clear
00167084 000000c8 T LightEvent_Signal
0016714c 00000050 T LightEvent_TryWait
0016719c 000000a0 T LightEvent_Wait
0016723c 00000014 T LightSemaphore_Init
00167250 00000094 T LightSemaphore_Acquire
001672e4 00000064 T LightSemaphore_Release
00167348 000001d8 T threadCreate
00167520 00000024 T threadGetHandle
00167544 0000002c T threadFree
00167570 00000024 T threadJoin
00167594 00000030 T threadGetCurrent
001675c4 00000040 T threadExit
00167604 00000020 t _thread_begin
00167624 0000013c T GPUCMD_Add
00167760 000000b0 T GPUCMD_Split
00167810 00000034 T f32tof16
00167844 00000034 T f32tof24
00167878 00000038 T f32tof31
001678b0 00000010 T GX_BindQueue
001678c0 00000078 T GX_ProcessCommandList
00167938 00000074 T GX_MemoryFill
001679ac 00000070 T GX_DisplayTransfer
00167a1c 00000074 T GX_TextureCopy
00167a90 00000044 T GX_FlushCacheRegions
00167ad4 00000068 t gxCmdQueueDoCommands.part.0
00167b3c 000000c8 T gxCmdQueueInterrupt
00167c04 0000004c T gxCmdQueueClear
00167c50 000000f8 T gxCmdQueueAdd
00167d48 00000080 T gxCmdQueueRun
00167dc8 00000060 T gxCmdQueueStop
00167e28 0000008c T gxCmdQueueWait
00167eb4 000001d0 T shaderInstanceInit
00168084 00000018 T shaderInstanceGetUniformLocation
0016809c 0000001c T shaderProgramInit
001680b8 00000064 T shaderProgramFree
0016811c 00000080 T shaderProgramSetVsh
0016819c 000008e0 T shaderProgramConfigure
00168a7c 0000013c T shaderProgramUse
00168bb8 000001cc t DVLE_GenerateOutmap.part.0
00168d84 000001b4 T DVLB_ParseFile
00168f38 00000038 T DVLB_Free
00168f70 00000074 T DVLE_GetUniformRegister
00168fe4 000000e4 T ndspChnReset
001690c8 00000018 T ndspChnSetFormat
001690e0 00000048 T ndspChnSetInterp
00169128 0000005c T ndspChnSetRate
00169184 00000088 T ndspChnSetMix
0016920c 000000bc T ndspChnWaveBufAdd
001692c8 00000040 T ndspiInitChn
00169308 0000002c T ndspiDirtyChn
00169334 00000458 T ndspiUpdateChn
0016978c 00000180 T ndspiReadChnState
0016990c 00000158 t ndspUpdateMaster
00169a68 00000110 t ndspFinalize
00169b78 00000250 t ndspInitialize.part.0
00169dc8 000000fc t ndspHookCallback
00169ec8 00000318 t ndspThreadMain
0016a1e0 000003c4 T ndspInit
0016a5a4 000000cc T ndspExit
0016a670 00000010 T ndspSetCallback
0016a680 000001ac t aptConvertScreenForCapture
0016a82c 00000158 T aptSendCommand
0016a988 00000044 t aptExitProcess
0016a9cc 00000014 T aptIsActive
0016a9e0 0000038c T aptExit
0016ad6c 000000e0 T aptHandleSleep
0016ae4c 00000030 T aptHook
0016ae7c 00000030 T aptUnhook
0016aeac 00000084 T APT_SleepIfShellClosed
0016af30 00000084 T aptSetSleepAllowed
0016afb4 00000084 T APT_UnlockTransition
0016b038 000004a4 t aptEventHandler
0016b4dc 000000b0 T APT_ReceiveParameter
0016b58c 000000ac t aptReceiveParameter.constprop.0
0016b638 000002ac t aptScreenTransfer
0016b8e4 00000320 t aptWaitForWakeUp.isra.0
0016bc04 000000f8 T aptJumpToHomeMenu
0016bcfc 00000048 T aptMainLoop
0016bd44 0000022c T aptInit
0016bf70 0000007c T APT_CheckNew3DS
0016bfec 000000a4 T cfguInit
0016c090 0000003c T cfguExit
0016c0cc 0000004c T CFGU_GetConfigInfoBlk2
0016c118 000000a4 t DSP_LoadComponent.part.0
0016c1bc 000000dc T dspInit
0016c298 00000080 T dspExit
0016c318 00000024 T dspHook
0016c33c 00000030 T dspUnhook
0016c36c 000000b0 T aptDspSleep
0016c41c 000000b8 T aptDspWakeup
0016c4d4 00000044 T aptDspCancel
0016c518 00000050 T DSP_FlushDataCache
0016c568 00000034 T DSP_SetSemaphore
0016c59c 00000034 T DSP_SetSemaphoreMask
0016c5d0 00000038 T DSP_GetSemaphoreHandle
0016c608 0000003c T DSP_LoadComponent
0016c644 00000044 T DSP_RegisterInterruptEvents
0016c688 00000074 T DSP_ReadPipeIfPossible
0016c6fc 0000004c T DSP_WriteProcessPipe
0016c748 00000040 T DSP_ConvertProcessAddressFromDspDram
0016c788 00000040 T DSP_RecvData
0016c7c8 0000004c T DSP_RecvDataIsReady
0016c814 000000cc T fsInit
0016c8e0 0000003c T fsExit
0016c91c 00000060 T fsExemptFromSession
0016c97c 00000050 T fsUnexemptFromSession
0016c9cc 000000cc T FSUSER_OpenFile
0016ca98 000000d4 T FSUSER_OpenFileDirectly
0016cb6c 000000bc T FSUSER_DeleteFile
0016cc28 000000f8 T FSUSER_RenameFile
0016cd20 000000bc T FSUSER_DeleteDirectory
0016cddc 000000d4 T FSUSER_CreateFile
0016ceb0 000000c4 T FSUSER_CreateDirectory
0016cf74 000000f8 T FSUSER_RenameDirectory
0016d06c 000000b4 T FSUSER_OpenDirectory
0016d120 00000094 T FSUSER_OpenArchive
0016d1b4 0000008c T FSUSER_CloseArchive
0016d240 00000074 T FSUSER_GetSdmcArchiveResource
0016d2b4 00000064 T FSUSER_IsSdmcWritable
0016d318 00000058 T FSFILE_Read
0016d370 00000060 T FSFILE_Write
0016d3d0 00000038 T FSFILE_GetSize
0016d408 00000028 T FSFILE_SetSize
0016d430 0000003c T FSFILE_Close
0016d46c 00000024 T FSFILE_Flush
0016d490 00000050 T FSDIR_Read
0016d4e0 0000003c T FSDIR_Close
0016d51c 00000c64 t gspHardwareInit
0016e180 00000248 T gspInit
0016e3c8 000000f0 T gspExit
0016e4b8 00000010 T gspHasGpuRight
0016e4c8 000000a0 T gspPresentBuffer
0016e568 00000030 T gspSetEventCallback
0016e598 00000044 T gspWaitForEvent
0016e5dc 0000004c T gspWaitForAnyEvent
0016e628 00000158 t gspEventThreadMain
0016e780 00000130 T gspSubmitGxCommand
0016e8b0 00000050 T GSPGPU_FlushDataCache
0016e900 00000034 T GSPGPU_SetLcdForceBlack
0016e934 00000068 T GSPGPU_AcquireRight
0016e99c 00000048 T GSPGPU_ReleaseRight
0016e9e4 0000007c T GSPGPU_ImportDisplayCaptureInfo
0016ea60 0000002c T GSPGPU_SaveVramSysArea
0016ea8c 0000002c T GSPGPU_RestoreVramSysArea
0016eab8 00000024 W hidShouldUseIrrst
0016eadc 0000018c T hidInit
0016ec68 000000e8 T hidExit
0016ed50 000002a4 T hidScanInput
0016eff4 00000010 T hidKeysHeld
0016f004 00000010 T hidKeysDown
0016f014 00000010 T hidKeysUp
0016f024 00000018 T hidTouchRead
0016f03c 00000018 T hidCircleRead
0016f054 00000160 T irrstInit
0016f1b4 000000cc T irrstExit
0016f280 000000b4 T irrstScanInput
0016f334 00000024 T irrstKeysHeld
0016f358 00000018 T irrstCstickRead
0016f370 00000074 T ptmSysmInit
0016f3e4 0000003c T ptmSysmExit
0016f420 00000034 T PTMSYSM_ConfigureNew3DSCPU
0016f454 00000074 T rbtree_find
0016f4c8 00000010 T rbtree_init
0016f4d8 000001b0 t do_insert
0016f688 00000008 T rbtree_insert
0016f690 00000318 T rbtree_remove
0016f9a8 00000090 T rbtree_rotate
0016fa38 000001e0 W __system_allocateHeaps
0016fc18 00000038 W __libctru_init
0016fc50 00000170 W __system_initArgv
0016fdc0 00000030 T __syscall_getreent
0016fdf0 00000064 T __syscall_gettod_r
0016fe54 00000004 T __syscall_lock_acquire
0016fe58 00000004 T __syscall_lock_release
0016fe5c 00000004 T __syscall_lock_acquire_recursive
0016fe60 00000004 T __syscall_lock_release_recursive
0016fe64 00000004 T __syscall_exit
0016fe68 00000050 T initThreadVars
0016feb8 00000080 T __system_initSyscalls
0016ff38 T svcControlMemory
0016ff58 T svcQueryMemory
0016ff88 T svcExitProcess
0016ff90 T svcCreateThread
0016ffb0 T svcExitThread
0016ffb8 T svcSleepThread
0016ffc0 T svcGetThreadPriority
0016ffd4 T svcReleaseMutex
0016ffdc T svcCreateEvent
0016fff0 T svcSignalEvent
0016fff8 T svcClearEvent
00170000 T svcMapMemoryBlock
00170008 T svcUnmapMemoryBlock
00170010 T svcCreateAddressArbiter
00170024 T svcArbitrateAddressNoTimeout
0017002c T svcCloseHandle
00170034 T svcWaitSynchronization
0017003c T svcWaitSynchronizationN
00170064 T svcDuplicateHandle
00170078 T svcGetSystemTick
00170080 T svcConnectToPort
00170094 T svcSendSyncRequest
0017009c T svcGetThreadId
001700b0 T svcGetResourceLimit
001700c4 T svcGetResourceLimitLimitValues
001700cc T svcGetResourceLimitCurrentValues
001700d4 T svcBreak
001700dc T __aeabi_read_tp
001700e8 W initSystem
00170138 W __ctru_exit
0017014c 00000084 W envGetHandle
001701d0 00000050 W envDestroyHandles
00170220 0000012c T srvInit
0017034c 00000058 T srvExit
001703a4 00000060 T srvEnableNotification
00170404 000000a0 T srvGetServiceHandleDirect
001704a4 00000038 T srvGetServiceHandle
001704dc 00000034 T srvSubscribe
00170510 00000060 T srvReceiveNotification
00170570 00000038 T srvPublishToSubscriber
001705a8 000000b4 t mappableFindAddressWithin
0017065c 00000028 T mappableInit
00170684 00000080 T mappableAlloc
00170704 00000004 T mappableFree
00170708 0000000c T srvPmGetSessionHandle
00170714 0000005c T rbtree_node_next
00170770 00000030 W __appExit
001707a0 00000030 W __appInit
001707d0 00000090 W __libctru_exit
00170860 00000014 t archive_link
00170874 00000014 t archive_dirreset
00170888 00000014 t archive_chmod
0017089c 00000024 t error_cmp
001708c0 00000050 t archive_translate_error
00170910 000000c8 t archive_seek
001709d8 0000007c t _archiveInit.part.0
00170a54 000000c4 t archiveFindDevice.part.0
00170b18 00000280 t archive_utf16path
00170d98 0000009c t _archiveUnmountDeviceStruct.part.0
00170e34 00000014 t archive_fchmod
00170e48 00000014 t archive_statvfs
00170e5c 00000164 t _archiveMountDevice
00170fc0 000000e8 t archive_diropen
001710a8 000000a4 t archive_fstat
0017114c 0000006c t archive_fsync
001711b8 0000006c t archive_close
00171224 00000070 t archive_dirclose
00171294 000000e8 t sdmc_statvfs
0017137c 000000ec t archive_chdir
00171468 0000007c t archive_ftruncate
001714e4 000000ac t archive_read
00171590 000000a4 t archive_unlink
00171634 000000bc t archive_rmdir
001716f0 000000dc t archive_mkdir
001717cc 00000194 t archive_stat
00171960 00000160 t archive_dirnext
00171ac0 00000124 t archive_write
00171be4 0000020c t archive_open
00171df0 00000278 t archive_rename
00172068 0000019c T archiveMountSdmc
00172204 00000054 T archiveUnmountAll
00172258 0000013c T decode_utf8
00172394 000000e8 T utf16_to_utf8
0017247c 000000c0 T utf8_to_utf16
0017253c 00000064 T decode_utf16
001725a0 00000054 T encode_utf16
001725f4 000000e0 T encode_utf8
001726d8 00000244 T sinf
00172920 0000022c T cosf
00172b4c 00000024 t with_errnof
00172b70 0000001c T __math_invalidf
00172b90 00000058 T sqrt
00172be8 0000008c T ldexp
00172c78 00000738 T pow
001733b0 000000c8 T sin
00173478 000000c0 T cos
00173538 00000078 T tan
001735b0 00000008 T __ieee754_sqrt
001735b8 00000158 T __kernel_cos
00173710 000000c0 T __kernel_sin
001737d0 00000290 T __kernel_tan
00173a60 00000014 T finite
00173a78 00000140 T scalbn
00173bb8 00000308 T __ieee754_rem_pio2
00173ec0 00000024 t with_errno
00173ee4 00000028 t xflow
00173f10 00000010 T __math_uflow
00173f20 00000010 T __math_oflow
00173f30 00000050 T __math_divzero
00173f80 0000001c T __math_invalid
00173f9c 00000014 T __math_check_uflow
00173fb0 00000028 T __math_check_oflow
00173fd8 00000014 T fabs
00173ff0 00000870 T __kernel_rem_pio2
00174860 00000144 T floor
001749a4 00000038 T __aeabi_d2lz
001749a4 00000038 T __fixdfdi
001749e0 00000040 T __aeabi_d2ulz
001749e0 00000040 T __fixunsdfdi
00174a20 00000120 T __udivmoddi4
00174b40 000001e0 T _perror_r
00174d20 00000018 T perror
00174d38 00000034 T printf
00174d6c 00000974 T qsort
001756e0 00000020 T memalign
00175700 0000014c T _memalign_r
0017584c 000000cc T snprintf
00175918 00000064 T sprintf
0017597c 00000078 T bsearch
001759f4 0000000c T atoi
00175a00 000000a8 T __submore
00175aa8 00000208 T _ungetc_r
00175cb0 00000020 T ungetc
00175cd0 00000020 T calloc
00175cf0 000000c0 T _calloc_r
00175db0 0000005c T __assert_func
00175e0c 0000025c T setvbuf
00176068 0000003c T fiprintf
001760a4 00000004 W __call_exitprocs
001760a8 00000030 T exit
001760d8 000000f8 T _malloc_trim_r
001761d0 000002e8 T _free_r
001764b8 00000070 T strcat
00176528 00000130 T strchr
00176658 000000d8 T memcmp
00176730 00000148 T _fclose_r
00176878 00000018 T fclose
00176890 0000064c t get_arg
00176ee0 00003324 T _svfprintf_r
0017a204 00000018 T malloc
0017a21c 00000018 T free
0017a234 0000079c T _malloc_r
0017a9d0 00000024 T getenv
0017a9f4 00000150 T memmove
0017ab44 000000a4 T _vsnprintf_r
0017abe8 00000038 T vsnprintf
0017ac20 000000c8 T _findenv_r
0017ace8 00000044 T strlcpy
0017ad2c 000000f4 T memset
0017ae20 0000000c T __malloc_lock
0017ae2c 0000000c T __malloc_unlock
0017ae38 0000064c t get_arg
0017b488 00003378 T _vfprintf_r
0017e800 000000b8 t __sbprintf
0017e8b8 00000090 T _raise_r
0017e948 00000018 T raise
0017e960 00000078 T signal
0017e9d8 00000090 T strlen
0017ea68 0000012c T _fopen_r
0017eb94 00000020 T fopen
0017ebb4 0000022c T __sflush_r
0017ede0 00000094 T _fflush_r
0017ee74 00000064 T strcasecmp
0017eed8 000000b4 T fgetc
0017ef8c 00000048 T strrchr
0017efd4 000000e4 T strncat
0017f0b8 0000063c T _strerror_r
0017f6f4 00000020 T strerror
0017f714 00000198 T _fgets_r
0017f8ac 00000028 T fgets
0017f8d4 000000e4 T strncmp
0017f9b8 00000070 T _fwalk_sglue
0017fa28 00000344 T _fread_r
0017fd6c 00000038 T fread
0017fda4 000000b4 T fileno
0017fe58 000004a0 T _realloc_r
001802f8 000000c4 T strncpy
001803bc 0000001c t stdio_exit_handler
001803d8 0000005c t cleanup_stdio
00180434 00000154 t global_stdio_init.part.0
00180588 00000134 T __sfp
001806bc 0000005c T __sinit
00180718 0000000c T __sfp_lock_acquire
00180724 0000000c T __sfp_lock_release
00180730 0000001c T srand
0018074c 00000044 T rand
00180790 0000002c T strtok
001807bc 00000048 T strnlen
00180804 000000bc T __strtok_r
001808c0 0000001c T _fseek_r
001808dc 00000034 T fseek
00180910 00000044 T random
00180954 00000008 T _user_strerror
0018095c 000001b0 t _strtol_l.part.0
00180b0c 00000064 T strtol
00180b70 00000020 T realloc
00180b90 000001d8 t _strtoul_l.isra.0
00180d68 00000034 T strtoul
00180d9c 00000024 T __locale_mb_cur_max
00180dc0 0000004c T time
00180e0c 00000024 T _localeconv_r
00180e30 000000f0 T strcpy
00180f20 000000e0 T memchr
00181000 000000f0 T __utf8_wctomb
001810f0 0000011c T memcpy
0018120c 00000084 T __libc_init_array
00181290 0000003c T __libc_fini_array
001812cc 0000000c T __errno
001812d8 00000088 T frexp
00181360 0000012c T __smakebuf_r
0018148c 0000008c T __swhatbuf_r
00181518 000000a0 T _wcrtomb_r
001815b8 00000028 T _wcsrtombs_r
001815e0 00000050 T __srget_r
00181630 00000014 T abort
00181644 00000038 t lflush
0018167c 0000019c T __srefill_r
00181818 00000044 T __sread
0018185c 00000068 T __swrite
001818c4 00000044 T __sseek
00181908 00000008 T __sclose
00181910 0000000c T __env_lock
0018191c 0000000c T __env_unlock
00181928 0000064c t get_arg
00181f74 00000030 T __sprint_r
00181fa4 00002304 T _vfiprintf_r
001842a8 000000b8 t __sbprintf
00184360 0000018c T __ssprint_r
001844ec 00000138 T __swsetup_r
00184624 000001b4 t quorem
001847d8 00001218 T _dtoa_r
001859f0 00000590 T _fseeko_r
00185f80 000000b4 T __sflags
00186034 00000088 T _Balloc
001860bc 0000001c T _Bfree
001860d8 000000f4 T __multadd
001861cc 00000060 T __hi0bits
0018622c 0000009c T __lo0bits
001862c8 000000a4 T __i2b
0018636c 00000204 T __multiply
00186570 00000128 T __pow5mult
00186698 00000140 T __lshift
001867d8 00000058 T __mcmp
00186830 000001fc T __mdiff
00186a2c 00000124 T __d2b
00186b50 000004b4 T __sfvwrite_r
00187004 000002f8 T __utf8_mbtowc
001872fc 00000188 T _wcsnrtombs_l
00187484 00000064 T _wcsnrtombs_r
001874e8 00000020 T _exit
00187508 0000013c T chdir
00187644 000001cc T _concatenate_path
00187810 00000078 T _fstat_r
00187888 00000014 T _getpid_r
0018789c 0000002c T __getreent
001878c8 00000030 T _gettimeofday_r
001878f8 0000008c T __release_handle
00187984 000000b0 T __alloc_handle
00187a34 0000003c T __get_handle
00187a70 000000f4 T _close_r
00187b64 00000008 t null_write
00187b6c 00000018 T setDefaultDevice
00187b84 000000c8 T FindDevice
00187c4c 00000028 T RemoveDevice
00187c74 0000009c T AddDevice
00187d10 00000020 T GetDeviceOpTab
00187d30 00000008 T _isatty_r
00187d38 00000014 T _kill_r
00187d4c 00000084 T _lseek_r
00187dd0 000000bc T _open_r
00187e8c 00000080 T _read_r
00187f0c 00000078 W _sbrk_r
00187f84 0000001c T __libc_lock_acquire
00187fa0 0000001c T __libc_lock_release
00187fbc 0000001c T __libc_lock_acquire_recursive
00187fd8 0000001c T __libc_lock_release_recursive
00187ff4 00000080 T _write_r
00188074 T _fini
00189000 00000017 r __func__.11
00189018 00000012 r __func__.10
0018902c 00000024 r mul_table.9
00189050 00000024 r shift_table.8
00189074 00000013 r length_dezigzag.0
00189088 00000120 r stbi__zdefault_length
001891a8 00000020 r stbi__zdefault_distance
001891c8 0000007c r stbi__zlength_base
00189244 0000007c r stbi__zlength_extra
001892c0 00000080 r stbi__zdist_base
00189340 00000080 r stbi__zdist_extra
001893c0 0000001b r __func__.16
001893dc 00000005 r first_row_filter
001893e4 00000009 r stbi__depth_scale_table
001893f0 00000015 r __func__.12
00189408 00000044 r stbi__bmask
0018944c 00000040 r stbi__jbias
0018948c 00000017 r __func__.4
001894a4 0000004f r stbi__jpeg_dezigzag
001894f4 00000005 r tag.7
001894fc 00000006 r tag.6
00189504 00000003 r rgb.5
00189508 0000000c r stbi__stdio_callbacks
00189514 00000008 r png_sig.18
0018958c 0000001d r __func__.15
001895ac 0000001b r __func__.14
001895c8 00000010 r __func__.13
001895d8 0000000f r __func__.3
001895e8 00000020 r __func__.19
00189608 00000021 r __func__.2
0018962c 00000014 r coord_lookup
00189640 00000014 r angle_lookup
00189654 00000004 R bpm
00189688 00000010 r __func__.0
00189698 0000000f r __func__.1
001896a8 00000008 R mad_timer_zero
001896b0 0000012c r bitrate_table
001897dc 0000000c r samplerate_table
001897e8 0000000c r decoder_table
001897f4 00000880 r D
0018a074 00000038 r linear_table
0018a0ac 00000100 r sf_table
0018a1ac 000000b4 r sbquant_table
0018a260 00000020 r bitalloc_table
0018a280 000000cc r qc_table
0018a34c 0000005a r offset_table
0018a3a8 0000001c r root_table
0018a3c4 00000020 r cs
0018a3e4 00000020 r ca
0018a404 00000030 r window_s
0018a434 00000090 r imdct_s
0018a4c4 0000006c r sfbwidth_table
0018a530 00000048 r nsfb_table
0018a578 00000020 r sflen_table
0018a598 00000016 r pretab
0018a5b0 0000000f r __func__.0
0018a5c0 00000078 r is_lsf_table
0018a638 0000001c r is_table
0018a654 0000000e r __func__.1
0018a664 0000803c r rq_table
001926a0 00000027 r sfb_8000_mixed
001926c8 00000027 r sfb_8000_short
001926f0 00000016 r sfb_8000_long
00192708 00000024 r sfb_16000_mixed
0019272c 00000024 r sfb_22050_mixed
00192750 00000024 r sfb_24000_mixed
00192774 00000027 r sfb_16000_short
0019279c 00000027 r sfb_22050_short
001927c4 00000027 r sfb_24000_short
001927ec 00000016 r sfb_22050_long
00192804 00000016 r sfb_24000_long
0019281c 00000026 r sfb_32000_mixed
00192844 00000026 r sfb_44100_mixed
0019286c 00000026 r sfb_48000_mixed
00192894 00000027 r sfb_32000_short
001928bc 00000027 r sfb_44100_short
001928e4 00000027 r sfb_48000_short
0019290c 00000016 r sfb_32000_long
00192924 00000016 r sfb_44100_long
0019293c 00000016 r sfb_48000_long
00192954 00000100 R mad_huff_pair_table
00192a54 00000008 R mad_huff_quad_table
00192a5c 00000304 r hufftab24
00192d60 00000324 r hufftab16
00193084 000002f8 r hufftab15
0019337c 0000031c r hufftab13
00193698 000000c0 r hufftab12
00193758 000000d0 r hufftab11
00193828 000000cc r hufftab10
001938f4 0000006c r hufftab9
00193960 00000084 r hufftab8
001939e4 00000080 r hufftab7
00193a64 00000038 r hufftab6
00193a9c 00000034 r hufftab5
00193ad0 00000020 r hufftab3
00193af0 00000020 r hufftab2
00193b10 00000010 r hufftab1
00193b20 00000002 r hufftab0
00193b24 00000020 r hufftabB
00193b44 00000038 r hufftabA
00193b7c 00000200 r crc_table
00193e60 r .LC2
00193fb8 r .LC30
00193fc4 r .LC31
001972dc 00000012 r __FUNCTION__.0
001972f0 00000010 r __FUNCTION__.2
00197300 00000006 r GPU_TEVID.0
00197308 0000001c r CSWTCH.68
00197324 00000020 r ylut.0
00197344 00000020 r xlut.1
00197364 R clear_shbin
00197410 R clear_shbin_end
00197410 R clear_shbin_size
00197414 R vshader_shbin
00197544 R vshader_shbin_end
00197544 R vshader_shbin_size
00197548 00000007 r CSWTCH.18
00197550 00000200 r expr_curve
00197750 00000200 r vcurve
00197950 00000024 r note_name.0
00197974 00000048 r format_list
001979bc 00000200 r mix8
00197bbc 00000010 r clearcolors
00197bcc 00000010 r displayTranferFlags
00197bdc 00000010 r textureTranferFlags
00197bec 00000010 r getpixes
00197bfc 0000018c r _mm_errmsg
00197d88 00000020 R finetune
00197da8 00000014 r unpackers
00197dbc 00000100 r PanbrelloTable
00197ebc 00000020 r VibratoTable
00197edc 00000080 r avibtab
00197f5c 000000f8 r effects
00198054 00000c00 r lintab
00198c54 000000d0 r logtab
00198d24 00000030 r oldperiods
00198d54 0000007c R unioperands
00198dd0 00000008 r S69_Version
00198dd8 000000c0 r periodtable
00198e98 00000008 r DSMSIG
00198ea0 00000007 r FARSIG
00198ea8 00000018 r IT_Version
00198ec0 0000000a r portatable
00198ecc 00000018 r S3M_Version
00198ee4 00000010 r numeric
00198ef4 0000000c r STM_Version
00198f00 00000014 r mustype
00198f14 00000014 r CSWTCH.302
00198f28 00000040 r MMCMP16BitCommands
00198f68 00000040 r MMCMP16BitFetch
00198fa8 00000020 r MMCMP8BitCommands
00198fc8 00000020 r MMCMP8BitFetch
00198fe8 00000038 r ctable
00199020 000000a8 R npertab
001990c8 00000800 r vwin1024
001998c8 00000100 r vwin128
001999c8 00001000 r vwin2048
0019a9c8 00000200 r vwin256
0019abc8 00002000 r vwin4096
0019cbc8 00000400 r vwin512
0019cfc8 00000080 r vwin64
0019d048 00004000 r vwin8192
001a1048 00000400 r FLOOR_fromdB_LOOKUP
001a1448 00000008 r ADJUST_SQRT2
001a1450 00000204 r COS_LOOKUP_I
001a1654 00000080 r FROMdB2_LOOKUP
001a16d4 0000008c r FROMdB_LOOKUP
001a1760 00000104 r INVSQ_LOOKUP_I
001a1864 00000100 r INVSQ_LOOKUP_IDel
001a1964 00000070 r barklook
001a19d4 00000010 r bitrev
001a19e4 00001008 r sincos_lookup0
001a29ec 00001000 r sincos_lookup1
001a39ec 00002000 r crc_lookup
001a59ec 00000084 r mask
001a5a70 00000004 r depthFmtSizes
001a5a74 00000005 r colorFmtSizes
001a5a7c 00000038 r CSWTCH.19
001a5ab4 00000080 r dotab_stdout
001a5b34 00000018 r grayScale
001a5b4c 00000006 r colorCube
001a5b54 00000030 r colorTable
001a5b84 00000011 r dsp_filename.0
001a5b98 00000008 r morton_y.2
001a5ba0 00000008 r morton_x.3
001a5ba8 00000008 r s_sleepWakeEvents.4
001a5bb0 R default_font_bin
001a63b0 R default_font_bin_end
001a63b0 00000030 r error_table
001a63e0 00000080 r archive_devoptab
001a6460 00000060 R __inv_pio4
001a64c0 000000e0 R __sincosf_table
001a65a0 00000080 r npio2_hw
001a6620 00000108 r two_over_pi
001a6728 00001048 R __pow_log_data
001a7770 00000870 R __exp_data
001a7fe0 00000040 r PIo2
001a8020 00000010 r init_jk
001a8030 00000101 R _ctype_
001a816c 00000010 r zeroes.0
001a817c 00000010 r blanks.1
001a818c 00000010 r zeroes.0
001a819c 00000010 r blanks.1
001a81ac 00000010 r zeroes.0
001a81bc 00000010 r blanks.1
001a81cc 0000006c R __action_table
001a8238 0000006c R __state_table
001a82a4 00000100 R __chclass
001a83a4 0000000c r p05.0
001a83b0 00000028 R __mprec_bigtens
001a83d8 000000c8 R __mprec_tens
001a84a0 00000080 R dotab_stdnull
001a8520 R __tdata_align
001a8524 r __EH_FRAME_BEGIN__
001a8524 R __exidx_end
001a8524 R __exidx_start
001a9000 00000014 D arrowVerts
001a9014 00001320 D arrowTexCoords
001aa334 00001cb0 D arrowNormalCoords
001abfe4 00001cb0 D arrowVertCoords
001adc94 00000014 D bombVerts
001adca8 00004800 D bombTexCoords
001b24a8 00006c00 D bombNormalCoords
001b90a8 00006c00 D bombVertCoords
001bfca8 00000004 d stbi__l2h_gamma
001bfcac 00000004 d stbi__l2h_scale
001bfcb0 00000004 d stbi__h2l_gamma_i
001bfcb4 00000004 d stbi__h2l_scale_i
001bfcb8 00000019 d invalid_chunk.17
001bfcd4 0000022c D music
001bff00 00000004 d nextCommandBuffer.0
001bff04 00000004 d mix_music
001bff08 00000004 D music_active
001bff0c 00000004 d music_volume
001bff10 00000004 d wavestream_volume
001bff14 00000004 D amplification
001bff18 00000004 D voices
001bff20 00000400 D bend_coarse
001c0320 00000800 D bend_fine
001c0b20 00000200 D freq_table
001c0d20 00000400 D vol_table
001c1120 00003e80 D xmap
001c4fa0 00000004 D ctl
001c4fa4 00000208 D drumset
001c51ac 00000004 D max_patch_memory
001c51b0 00000208 D tonebank
001c53b8 00000004 D play_mode
001c53bc 0000000c D sdl_play_mode
001c53c8 0000005c D sdl_control_mode
001c5424 00000010 D N3DSAUD_bootstrap
001c5434 00000010 D N3DS_bootstrap
001c5444 00000004 d palette_changed
001c5448 00000004 D SDL_cursorstate
001c544c 00000020 d default_cmask
001c546c 00000020 d default_cdata
001c548c 0000007c D drv_nos
001c5508 00000002 D md_bpm
001c550a 00000002 D md_mixfreq
001c550c 00000002 D md_mode
001c550e 00000001 D md_musicvolume
001c550f 00000001 D md_pansep
001c5510 00000004 D md_player
001c5514 00000001 D md_sndfxvolume
001c5515 00000001 D md_volume
001c5516 00000002 d olddevice
001c5518 00000004 d VC_Exit_ptr
001c551c 00000004 d VC_Init_ptr
001c5520 00000020 D load_669
001c5540 00000017 d AMF_Version
001c5558 00000020 D load_amf
001c5578 0000000b d asylum
001c5584 00000020 D load_asy
001c55a4 00000010 d DSM_Version
001c55b4 00000020 D load_dsm
001c55d4 0000000a d FAR_Version
001c55e0 00000020 D load_far
001c5600 00000017 d GDM_Version
001c5618 00000020 D load_gdm
001c5638 0000000e d IMF_Version
001c5648 00000020 D load_imf
001c5668 00000020 D load_it
001c5688 00000020 D load_m15
001c56a8 0000000f d MED_Version
001c56b8 00000020 D load_med
001c56d8 0000000c d fasttracker
001c56e4 00000020 D load_mod
001c5704 0000000a d oktalyser
001c5710 0000000a d oktalyzer
001c571c 0000001b d orpheus
001c5738 0000000b d protracker
001c5744 0000000c d startrekker
001c5750 0000000c d taketracker
001c575c 00000004 d MTM_Version
001c5760 00000020 D load_mtm
001c5780 00000020 D load_okt
001c57a0 00000020 D load_s3m
001c57c0 00000020 D load_stm
001c57e0 00000020 D load_stx
001c5800 00000013 d ULT_Version
001c5814 00000020 D load_ult
001c5834 00000020 D load_umx
001c5854 00000020 D load_uni
001c5874 00000020 D load_xm
001c5894 0000000c D STM_Signatures
001c58a0 00000008 D _floor_P
001c58a8 00000004 D _mapping_P
001c58ac 0000000c D _residue_P
001c58b8 00000018 D floor1_exportbundle
001c58d0 00000018 D floor0_exportbundle
001c58e8 00000014 D residue0_exportbundle
001c58fc 00000014 D residue1_exportbundle
001c5910 00000014 D residue2_exportbundle
001c5924 00000014 D mapping0_exportbundle
001c5938 00000008 d framerateCounter
001c5940 00000004 d framerate
001c5944 00000001 d firstConsoleInit.0
001c5948 00000004 D currentConsole
001c594c 00000048 D defaultConsole
001c5994 00000004 d queueLock
001c5998 00000004 d aptChainloadDeliverArgSize
001c599c 00000004 d kCount
001c59a0 00000004 d kInterval
001c59a4 00000004 d kDelay
001c59a8 W __stacksize__
001c59ac 00000004 D __malloc_sbrk_base
001c59b0 00000004 D __malloc_trim_threshold
001c59b8 00000408 D __malloc_av_
001c5dc0 0000000c D __sglue
001c5dcc 0000016c D __global_locale
001c5f38 00000004 D _impure_ptr
001c5f40 00000120 D _impure_data
001c6060 00000004 D environ
001c6064 00000400 d _current_working_directory
001c6464 00001000 d handles
001c7464 0000000c d __stderr_handle
001c7470 0000000c d __stdout_handle
001c747c 0000000c d __stdin_handle
001c7488 0000008c D devoptab_list
001c7514 00000004 d defaultDevice
001c7520 d _GLOBAL_OFFSET_TABLE_
001c752c d __frame_dummy_init_array_entry
001c752c D __init_array_start
001c752c B __preinit_array_end
001c752c B __preinit_array_start
001c752c D __tdata_lma
001c752c D __tdata_lma_end
001c7530 d __do_global_dtors_aux_fini_array_entry
001c7530 D __fini_array_start
001c7530 D __init_array_end
001c7534 D __bss_start__
001c7534 D __fini_array_end
001c7534 00000004 b stbi__vertically_flip_on_load_global
001c7538 00000004 b stbi__de_iphone_flag_global
001c753c 00000004 b stbi__unpremultiply_on_load_global
001c7540 0000000c b arrow_tex
001c754c 00000030 b music_arrow_tex
001c757c 0000000c b bomb_tex
001c7588 00000090 b arrow
001c7618 00000004 b bomb_time
001c761c 00000024 b bomb
001c7640 00000001 b draw_bomb
001c7644 00000004 B keys
001c7648 00000004 b explosionSize
001c764c 00000001 b explosion
001c7650 0000138c b music_arrows
001c89dc b completed.1
001c89e0 b object.0
001c89f8 0000000c b _hookCookie
001c8a04 00000040 b matrix_mvp.0
001c8a44 00000004 B pglState
001c8a48 00000004 b audio_opened
001c8a4c 00000004 b channel_done_callback
001c8a50 00000004 b chunk_decoders
001c8a54 00000004 b initialized
001c8a58 00000004 b mix_channel
001c8a5c 00000004 b mix_postmix
001c8a60 00000004 b mix_postmix_data
001c8a64 00000018 b mixer
001c8a7c 00000004 b music_data
001c8a80 00000004 b num_channels
001c8a84 00000004 b num_decoders
001c8a88 00000004 b posteffects
001c8a8c 00000004 b ms_per_step
001c8a90 00000004 b music_decoders
001c8a94 00000004 b music_finished_hook
001c8a98 00000004 b music_loops
001c8a9c 00000004 b music_playing
001c8aa0 00000004 b music_stopped
001c8aa4 00000004 b num_decoders
001c8aa8 00000004 b samplesize
001c8aac 00000004 b timidity_ok
001c8ab0 00000018 b used_mixer
001c8ac8 00000018 b mixer
001c8ae0 00000004 b music
001c8ae4 0000006c B mikmod
001c8b50 00000004 b current_output_channels
001c8b54 00000002 b current_output_format
001c8b58 00000004 b music_swap16
001c8b5c 00000004 b music_swap8
001c8b60 00000004 B XG_System_On
001c8b64 00000004 B adjust_panning_immediately
001c8b68 00000004 b buffer_pointer
001c8b6c 00000004 b buffered_count
001c8b70 00000580 B channel
001c90f0 00000004 B control_ratio
001c90f4 00000004 b current_event
001c90f8 00000004 b current_sample
001c90fc 00000004 b cut_notes
001c9100 00000800 B drumpanpot
001c9900 00000800 B drumvolume
001ca100 00000004 b event_list
001ca104 00000004 b lost_notes
001ca108 00000008 B master_volume
001ca110 00000004 b midi_playing
001ca114 00000004 b sample_count
001ca118 0001c800 B voice
001e6918 00000004 B AUDIO_BUFFER_SIZE
001e691c 00000004 B common_buffer
001e6920 00000100 b def_instr_name
001e6a20 00000004 B num_ochannels
001e6a24 00000004 b rcf_count.0
001e6a28 00000004 B resample_buffer
001e6a2c 00000004 B s32tobuf
001e6a30 00000400 B timidity_error
001e6e30 00000020 B vorbis
001e6e50 00000018 b mixer
001e6e68 00000004 B _Mix_effects_max_speed
001e6e6c 00000400 B current_filename
001e726c 00000004 b pathlist
001e7270 00000004 B antialiasing_allowed
001e7274 00000004 B current_patch_memory
001e7278 00000004 B current_tune_number
001e727c 00000004 B default_instrument
001e7280 00000004 B default_program
001e7284 00000004 B fast_decay
001e7288 00000004 B last_tune_purged
001e728c 00001804 b standard_drumset
001e8a90 00001804 b standard_tonebank
001ea294 00000004 b pos_args_array
001ea298 00000004 b pos_args_global
001ea29c 00000004 b position_channels
001ea2a0 00000400 b errmsg.0
001ea6a0 00000004 b format_idx_sub
001ea6a4 00000004 b format_idx
001ea6a8 00000004 B current_audio
001ea6b0 00000308 b SDL_global_error
001ea9b8 00000004 b thread_lock
001ea9bc 00000004 b SDL_Threads
001ea9c0 00000004 b SDL_numthreads
001ea9c4 00000004 b SDL_maxthreads
001ea9c8 00000008 b g_startTicks
001ea9d0 00000004 b g_audDev
001ea9d4 00000008 b g_dspHook
001ea9dc 00000004 b ticks_started
001ea9e0 00000004 b SDL_initialized
001ea9e4 00000001 b list_changed
001ea9e8 00000004 b SDL_timer_mutex
001ea9ec 00000004 b SDL_timers
001ea9f0 00000004 b SDL_timer_threaded
001ea9f4 00000004 B SDL_alarm_callback
001ea9f8 00000004 B SDL_alarm_interval
001ea9fc 00000004 B SDL_timer_running
001eaa00 00000004 B SDL_timer_started
001eaa04 00000004 B current_video
001eaa08 00000004 B SDL_joysticks
001eaa0c 00000004 B SDL_allocatedjoysticks
001eaa10 00000001 B SDL_numjoysticks
001eaa14 00000004 B old_dpad_state
001eaa18 00000004 B key_release
001eaa1c 00000004 B key_press
001eaa20 00000004 B old_cs_y
001eaa24 00000004 B old_cs_x
001eaa28 00000004 B old_y
001eaa2c 00000004 B old_x
001eaa30 00000004 b RenderClearColor
001eaa34 00000004 B setVideoModecount
001eaa38 00000004 B privateVideoThreadHandle
001eaa3c 00000008 B privateVideoThreadEvent
001eaa44 00000001 B runThread
001eaa48 00000018 b spritesheet_tex
001eaa60 00000004 B VideoSurface2
001eaa64 00000004 B VideoSurface1
001eaa68 00000040 b projection2
001eaaa8 00000040 b projection
001eaae8 00000004 b uLoc_projection
001eaaec 00000014 b program
001eab00 00000004 b vshader_dvlb
001eab04 00000004 b event_thread
001eab08 00000004 b SDL_EventThread
001eab0c 00000008 b SDL_EventLock
001eab18 00000c14 b SDL_EventQ
001eb72c 00000004 b SDL_eventstate
001eb730 00000020 B SDL_ProcessEvents
001eb750 00000004 B SDL_EventOK
001eb754 00000001 b SDL_NoLockKeys
001eb758 00000020 B SDL_KeyRepeat
001eb778 0000050c b keynames
001ebc84 00000004 B SDL_TranslateUNICODE
001ebc88 00000002 b SDL_ModState
001ebc8c 00000143 b SDL_KeyState
001ebdcf 00000001 b SDL_ButtonState
001ebdd0 00000002 b SDL_MouseMaxY
001ebdd2 00000002 b SDL_MouseMaxX
001ebdd4 00000002 b SDL_DeltaY
001ebdd6 00000002 b SDL_DeltaX
001ebdd8 00000002 b SDL_MouseY
001ebdda 00000002 b SDL_MouseX
001ebddc 00000002 b pixels8
001ebde0 00000004 B SDL_cursorlock
001ebde4 00000004 b SDL_defcursor
001ebde8 00000004 B SDL_cursor
001ebdec 00000004 b format_version.0
001ebdf0 00000001 b pushedQuit.0
001ebdf1 00000001 b SDL_appstate
001ebdf4 00000004 b zerobuf
001ebdf8 00000004 B MikMod_critical
001ebdfc 00000004 B MikMod_errno
001ebe00 00000004 B _mm_errorhandler
001ebe04 00000004 b firstdriver
001ebe08 00000004 b initialized
001ebe0c 00000004 b isplaying
001ebe10 00000002 B md_device
001ebe14 00000004 B md_driver
001ebe18 00000001 B md_hardchn
001ebe19 00000001 B md_numchn
001ebe1a 00000001 B md_reverb
001ebe1c 00000004 b md_sample
001ebe20 00000001 B md_sfxchn
001ebe21 00000001 B md_sngchn
001ebe22 00000001 B md_softchn
001ebe24 00000004 b sfxinfo
001ebe28 00000004 b sfxpool
001ebe2c 00000004 B vc_callback
001ebe30 00000004 b firstloader
001ebe34 00000004 B modreader
001ebe38 00000140 B of
001ebf78 00000004 B pf
001ebf7c 00000001 b lastbyte
001ebf7e 00000002 b lastp
001ebf80 00000004 b rowend
001ebf84 00000004 b rowpc
001ebf88 00000004 b unibuf
001ebf8c 00000002 b unimax
001ebf8e 00000002 b unipc
001ebf90 00000002 b unitt
001ebf94 00000004 b musiclist
001ebf98 00000004 b sl_buffer
001ebf9c 00000002 b sl_old
001ebfa0 00000004 b sl_rlength
001ebfa4 00000004 b sndfxlist
001ebfa8 00000004 b VC_PlayStart_ptr
001ebfac 00000004 b VC_PlayStop_ptr
001ebfb0 00000004 b VC_SampleLength_ptr
001ebfb4 00000004 b VC_SampleLoad_ptr
001ebfb8 00000004 b VC_SampleSpace_ptr
001ebfbc 00000004 b VC_SampleUnload_ptr
001ebfc0 00000004 b VC_SetNumVoices_ptr
001ebfc4 00000004 b VC_SilenceBytes_ptr
001ebfc8 00000004 b VC_VoiceGetFrequency_ptr
001ebfcc 00000004 b VC_VoiceGetPanning_ptr
001ebfd0 00000004 b VC_VoiceGetPosition_ptr
001ebfd4 00000004 b VC_VoiceGetVolume_ptr
001ebfd8 00000004 b VC_VoicePlay_ptr
001ebfdc 00000004 b VC_VoiceRealVolume_ptr
001ebfe0 00000004 b VC_VoiceSetFrequency_ptr
001ebfe4 00000004 b VC_VoiceSetPanning_ptr
001ebfe8 00000004 b VC_VoiceSetVolume_ptr
001ebfec 00000004 b VC_VoiceStop_ptr
001ebff0 00000004 b VC_VoiceStopped_ptr
001ebff4 00000004 b VC_WriteBytes_ptr
001ebff8 00000004 b mh
001ebffc 00000004 b s69pat
001ec000 00000004 b mh
001ec004 00000004 b track
001ec008 00000004 b mh
001ec00c 00000004 b modtype
001ec010 00000004 b patbuf
001ec014 00000004 b blockid
001ec018 00000004 b blockln
001ec01c 00000004 b blocklp
001ec020 00000004 b dsmbuf
001ec024 00000004 b mh
001ec028 00000004 b mh1
001ec02c 00000004 b mh2
001ec030 00000004 b pat
001ec034 00000004 b gdmbuf
001ec038 00000004 b mh
001ec03c 00000004 b imfpat
001ec040 00000004 b mh
001ec044 00000004 b itpat
001ec048 00000004 b last
001ec04c 00000004 b mask
001ec050 00000004 b mh
001ec054 00000004 b numtrk
001ec058 00000004 b old_effect
001ec05c 00000004 b paraptr
001ec060 00000004 b mh
001ec064 00000004 b patbuf
001ec068 00000004 b ust_loader
001ec06c 00000004 b ba
001ec070 00000004 b bpmtempos
001ec074 00000004 b decimalvolumes
001ec078 00000004 b me
001ec07c 00000004 b mh
001ec080 00000004 b mmd0pat
001ec084 00000004 b mmd1pat
001ec088 00000004 b ms
001ec08c 00000004 b mh
001ec090 00000004 b modtype
001ec094 00000004 b patbuf
001ec098 00000004 b trekker
001ec09c 00000004 b mh
001ec0a0 00000004 b mtmtrk
001ec0a4 00000040 b pat
001ec0e4 00000004 b okttrk
001ec0e8 00000004 b mh
001ec0ec 00000004 b paraptr
001ec0f0 00000004 b s3mbuf
001ec0f4 00000004 b tracker
001ec0f8 00000004 b mh
001ec0fc 00000004 b stmbuf
001ec100 00000004 b mh
001ec104 00000004 b paraptr
001ec108 00000004 b stxbuf
001ec10c 00000005 b ev
001ec114 00000004 b umx_data
001ec118 0000013c b mh
001ec254 00000004 b s
001ec258 00000002 b universion
001ec25c 00000004 b wh
001ec260 00000004 b mh
001ec264 00000004 b nextwav
001ec268 00000004 b s
001ec26c 00000004 b wh
001ec270 00000004 b xmpat
001ec274 00000001 B activemacro
001ec278 00000010 B filtermacros
001ec288 00000004 B filters
001ec28c 00000200 B filtersettings
001ec48c 00000004 B noteindex
001ec490 00000004 b noteindexcount
001ec494 00000004 B origpositions
001ec498 00000004 B poslookup
001ec49c 00000002 B poslookupcnt
001ec4a0 00000040 B remap
001ec4e0 00000004 b MixLowPass
001ec4e4 00000004 b MixReverb
001ec4e8 00000004 b RVRindex
001ec4ec 00000004 b RVbufL1
001ec4f0 00000004 b RVbufL2
001ec4f4 00000004 b RVbufL3
001ec4f8 00000004 b RVbufL4
001ec4fc 00000004 b RVbufL5
001ec500 00000004 b RVbufL6
001ec504 00000004 b RVbufL7
001ec508 00000004 b RVbufL8
001ec50c 00000004 b RVbufR1
001ec510 00000004 b RVbufR2
001ec514 00000004 b RVbufR3
001ec518 00000004 b RVbufR4
001ec51c 00000004 b RVbufR5
001ec520 00000004 b RVbufR6
001ec524 00000004 b RVbufR7
001ec528 00000004 b RVbufR8
001ec52c 00000004 b RVc1
001ec530 00000004 b RVc2
001ec534 00000004 b RVc3
001ec538 00000004 b RVc4
001ec53c 00000004 b RVc5
001ec540 00000004 b RVc6
001ec544 00000004 b RVc7
001ec548 00000004 b RVc8
001ec54c 00000004 b Samples
001ec550 00000008 b idxlend
001ec558 00000008 b idxlpos
001ec560 00000008 b idxsize
001ec568 00000004 b nLeftNR
001ec56c 00000004 b nRightNR
001ec570 00000004 b samplesthatfit
001ec574 00000004 b tickleft
001ec578 00000002 b vc_mode
001ec57c 00000004 b vc_softchn
001ec580 00000004 b vc_tickbuf
001ec584 00000004 b vinf
001ec588 00000004 b vnf
001ec58c 00000004 b Mix32to16
001ec590 00000004 b Mix32to8
001ec594 00000004 b Mix32toFP
001ec598 00000004 b MixLowPass
001ec59c 00000004 b MixReverb
001ec5a0 00000004 b RVRindex
001ec5a4 00000004 b RVbufL1
001ec5a8 00000004 b RVbufL2
001ec5ac 00000004 b RVbufL3
001ec5b0 00000004 b RVbufL4
001ec5b4 00000004 b RVbufL5
001ec5b8 00000004 b RVbufL6
001ec5bc 00000004 b RVbufL7
001ec5c0 00000004 b RVbufL8
001ec5c4 00000004 b RVbufR1
001ec5c8 00000004 b RVbufR2
001ec5cc 00000004 b RVbufR3
001ec5d0 00000004 b RVbufR4
001ec5d4 00000004 b RVbufR5
001ec5d8 00000004 b RVbufR6
001ec5dc 00000004 b RVbufR7
001ec5e0 00000004 b RVbufR8
001ec5e4 00000004 b RVc1
001ec5e8 00000004 b RVc2
001ec5ec 00000004 b RVc3
001ec5f0 00000004 b RVc4
001ec5f4 00000004 b RVc5
001ec5f8 00000004 b RVc6
001ec5fc 00000004 b RVc7
001ec600 00000004 b RVc8
001ec604 00000004 b Samples
001ec608 00000008 b idxlend
001ec610 00000008 b idxlpos
001ec618 00000008 b idxsize
001ec620 00000004 b nLeftNR
001ec624 00000004 b nRightNR
001ec628 00000004 b samplesthatfit
001ec62c 00000004 b tickleft
001ec630 00000002 b vc_mode
001ec634 00000004 b vc_softchn
001ec638 00000004 b vc_tickbuf
001ec63c 00000004 b vinf
001ec640 00000004 b vnf
001ec644 00000004 b seq
001ec648 0000000c b hookCookie
001ec658 000002d0 B __C3D_Context
001ec928 00000004 b frameEndCbData
001ec92c 00000004 b frameEndCb
001ec930 00000008 b frameCounter
001ec938 00000001 b isTopStereo
001ec939 00000001 b needSwapBot
001ec93a 00000001 b needSwapTop
001ec93b 00000001 b measureGpuTime
001ec93c 00000001 b inSafeTransfer
001ec93d 00000001 b inFrame
001ec940 00000010 b cpuTime
001ec950 00000010 b gpuTime
001ec960 0000000c b linkedTarget
001ec96c 00000004 b lastTarget
001ec970 00000004 b firstTarget
001ec974 00000008 b C3Di_IVUnifEverDirty
001ec97c 000000c0 b C3Di_FVUnifEverDirty
001eca3c 00000018 b C3Di_ShaderFVecData
001eca54 00000002 B C3D_BoolUnifsDirty
001eca58 00000008 B C3D_IVUnifDirty
001eca60 000000c0 B C3D_FVUnifDirty
001ecb20 00000004 B C3D_BoolUnifs
001ecb24 00000020 B C3D_IVUnif
001ecb44 00000c00 B C3D_FVUnif
001ed748 00000008 b sLinearPool
001ed750 0000000c b sAddrMap
001ed760 00000008 b sVramPoolB
001ed768 00000008 b sVramPoolA
001ed770 0000000c b sAddrMap
001ed77c 0000001c b escapeSeq
001ed798 00000048 B currentCopy
001ed7e0 00000004 b screenAlloc
001ed7e4 00000004 b screenFree
001ed7e8 00000002 b gfxIsDoubleBuf
001ed7ec 00000002 b gfxCurBuf
001ed7ee 00000001 b gfxIsVram
001ed7ef 00000001 b gfxTopMode
001ed7f0 00000002 b gfxFramebufferFormats
001ed7f4 00000004 b gfxBottomFramebufferMaxSize
001ed7f8 00000004 b gfxTopFramebufferMaxSize
001ed800 00000008 b gfxBottomFramebuffers
001ed808 00000008 b gfxTopFramebuffers
001ed810 00000001 V __ctru_speedup
001ed814 00000004 b arbiter
001ed818 00000004 B gpuCmdBufOffset
001ed81c 00000004 B gpuCmdBufSize
001ed820 00000004 B gpuCmdBuf
001ed824 00000004 b boundQueue
001ed828 00000001 b shouldStop
001ed829 00000001 b isRunning
001ed82a 00000001 b isActive
001ed82c 00000004 b curQueue
001ed830 00000c60 b ndspChn
001ee490 00000004 b ndspRefCount
001ee494 00000048 b ndspMaster
001ee4dc 00000004 b ndspThread
001ee4e0 00000001 b ndspThreadRun
001ee4e4 00001080 b dspVar5Backup
001ef564 00000004 b ndspMutex
001ef568 00000008 b sleepEvent
001ef570 00000004 b dspSem
001ef574 00000004 b irqEvent
001ef578 00000008 b ndspHookCookie
001ef580 00000001 b componentFree
001ef582 00000002 b componentDataMask
001ef584 00000002 b componentProgMask
001ef588 00000004 b componentSize
001ef58c 00000004 b componentBin
001ef590 00000004 b frameCount
001ef594 00000004 b droppedFrames
001ef598 00000001 b bCancelReceived
001ef599 00000001 b bSleeping
001ef59a 00000001 b bEnteringSleep
001ef59b 00000001 b bDspReady
001ef59c 00000080 B ndspVars
001ef61c 00000002 B ndspBufferId
001ef61e 00000002 B ndspBufferCurId
001ef620 00000002 B ndspFrameId
001ef622 00000001 b flagValue.0
001ef623 00000001 b flagInit.1
001ef624 00000004 b serviceName.6
001ef628 00000001 b aptChainloadFlags
001ef629 00000001 b aptChainloadMediatype
001ef62c 00000020 b aptChainloadHmac
001ef64c 00000300 b aptChainloadDeliverArg
001ef950 00000008 b aptChainloadTid
001ef958 00001000 b aptParameters
001f0958 00000004 b aptFlags
001f095c 00000001 b aptHomeButtonState
001f0960 00000004 b aptMessageFuncData
001f0964 00000004 b aptMessageFunc
001f0968 0000000c b aptFirstHook
001f0974 00000001 b aptEventHandlerThreadQuit
001f0978 00000004 b aptEventHandlerThread
001f097c 00000008 b aptSleepEvent
001f0984 00000008 b aptReceiveEvent
001f098c 00000008 b aptEvents
001f0994 00000004 b aptLockHandle
001f0998 00000004 b aptRefCount
001f099c 00000004 b cfguRefCount
001f09a0 00000004 b cfguHandle
001f09a4 00000002 b dspSavedCompDataMask
001f09a6 00000002 b dspSavedCompProgMask
001f09a8 00000004 b dspSavedCompSize
001f09ac 00000004 b dspSavedCompBin
001f09b0 00000001 b dspSleeping
001f09b1 00000001 b dspComponentLoaded
001f09b4 00000008 b dspFirstHook
001f09bc 00000004 b dspRefCount
001f09c0 00000004 b dspHandle
001f09c8 00000080 b fsExemptArchives
001f0a48 00000004 b fsuRefCount
001f0a4c 00000004 b fsuHandle
001f0a50 00000007 b gspEventCbOneShot
001f0a58 0000001c b gspEventCbData
001f0a74 0000001c b gspEventCb
001f0a90 00000038 b gspEvents
001f0ac8 00000004 b gspLastEvent
001f0acc 00000001 b gspRunEvents
001f0ad0 00000004 b gspEventThread
001f0ad4 00000004 b gspEvent
001f0ad8 00000001 b gspGpuRight
001f0ad9 00000001 b gspThreadId
001f0adc 00000004 b gspSharedMem
001f0ae0 00000004 b gspSharedMemHandle
001f0ae4 00000004 b gspRefCount
001f0ae8 00000004 b gspGpuHandle
001f0aec 00000001 b usingIrrst
001f0af0 00000004 b hidRefCount
001f0af4 00000006 b gRate
001f0afc 00000006 b aVec
001f0b04 00000004 b cPos
001f0b08 00000004 b tPos
001f0b0c 00000004 b kRepeat
001f0b10 00000004 b kUp
001f0b14 00000004 b kDown
001f0b18 00000004 b kHeld
001f0b1c 00000004 b kOld
001f0b20 00000004 B hidSharedMem
001f0b24 00000014 B hidEvents
001f0b38 00000004 B hidMemHandle
001f0b3c 00000004 B hidHandle
001f0b40 00000004 b irrstRefCount
001f0b44 00000004 b csPos
001f0b48 00000004 b kHeld
001f0b4c 00000004 B irrstSharedMem
001f0b50 00000004 B irrstEvent
001f0b54 00000004 B irrstMemHandle
001f0b58 00000004 B irrstHandle
001f0b5c 00000004 b ptmSysmRefCount
001f0b60 00000004 b ptmSysmHandle
001f0b64 00000004 V __ctru_linear_heap_size
001f0b68 00000004 V __ctru_heap_size
001f0b6c 00000004 B __ctru_linear_heap
001f0b70 00000004 B __ctru_heap
001f0b74 00000004 B __system_retAddr
001f0b78 00000004 B __system_argv
001f0b7c 00000004 B __system_argc
001f0b80 b saved_stack
001f0b88 00000004 B __3dslink_host
001f0b8c 00000004 b srvRefCount
001f0b90 00000004 b srvHandle
001f0b94 00000004 b currentAddr
001f0b98 00000004 b maxAddr
001f0b9c 00000004 b minAddr
001f0ba0 00000004 b srvPmHandle
001f0ba8 000005c0 b archive_devices
001f1168 00000004 b archive_device_cwd
001f116c 00000001 b archive_initialized
001f1170 00000028 B __malloc_current_mallinfo
001f1198 00000004 B __malloc_max_total_mem
001f119c 00000004 B __malloc_max_sbrked_mem
001f11a0 00000004 B __malloc_top_pad
001f11a4 0000000c b __malloc_recursive_mutex
001f11b0 0000000c b __sfp_recursive_mutex
001f11c0 00000168 B __sf
001f1328 00000004 B __stdio_exit_handler
001f132c 00000004 b initial_env
001f1330 0000000c b __env_recursive_mutex
001f133c 00000400 b temp_cwd
001f173c 00000004 b __hndl_lock
001f1740 00000004 B fake_heap_start
001f1744 00000004 B fake_heap_end
001f1748 00000004 b heap_start.0
001f174c B __tls_start
001f2370 B __bss_end__
001f2370 A __end__
001f2370 B __tls_end
